source /media/build/m/tar-lmx8-v507782f654a5-pg/build
source /media/build/m/tow1-box-lmx8-v5c9798c72a2b-pg/build
YBZIP2=/media/build/m/tow1-box-lmx8-v5c9798c72a2b-pg/bin/bzip2
UPM=/home/wp/build/upm
CXXFLAGS=-O2 -pipe -fno-builtin 
NTHR=18
YMAKE=/usr/bin/gmake
OLDPWD=/media/build/w/c4f4e9e2efb5b0b6d82abbbd95cd5a3c/runtime
HOME=/
Y7ZA=
NCPUX=36
TARG=tar-run-lmx8-v57bb22c2f592-pg
YUNZIP=/media/build/m/tow1-box-lmx8-v5c9798c72a2b-pg/bin/unzip
LDFLAGS=
NTHRS=18
YBSDTAR=/media/build/m/tow1-box-lmx8-v5c9798c72a2b-pg/bin/bsdtar
MD=/media/build/m
TMPDIR=/media/build/w/c4f4e9e2efb5b0b6d82abbbd95cd5a3c/tmp
YXZ=/media/build/m/tow1-box-lmx8-v5c9798c72a2b-pg/bin/xz
PKGF=/media/build/r/tar-run-lmx8-v57bb22c2f592-pg
STATICPYTHON3=/media/build/m/tow1-box-lmx8-v5c9798c72a2b-pg/bin/staticpython3
YSHELL=/media/build/m/tow1-box-lmx8-v5c9798c72a2b-pg/bin/dash
PIC=
RD=/media/build/r
BDIR=/media/build/w/c4f4e9e2efb5b0b6d82abbbd95cd5a3c
BD=/media/build/w/c4f4e9e2efb5b0b6d82abbbd95cd5a3c/playground
PATH=/media/build/m/tow1-box-lmx8-v5c9798c72a2b-pg/bin:/media/build/m/tar-lmx8-v507782f654a5-pg/bin:/media/build/m/noarch-build-scripts-run-be622:/usr/local/sbin:/usr/local/bin:/usr/sbin:/usr/bin:/sbin:/bin:
IDIR=/pkg/tar-run-lmx8-v57bb22c2f592-pg
CFLAGS=-O2 -pipe -fno-builtin 
PD=/pkg
LANG=C
WD=/media/build/w
PREFIX=/media/build
CPPFLAGS=
SED=/media/build/m/tow1-box-lmx8-v5c9798c72a2b-pg/bin/sed
SHELL=/media/build/m/tow1-box-lmx8-v5c9798c72a2b-pg/bin/dash
OUTER_SHELL=/usr/bin/dash
YGNUTAR=/media/build/m/tow1-box-lmx8-v5c9798c72a2b-pg/bin/tar
YTAR=/media/build/m/tow1-box-lmx8-v5c9798c72a2b-pg/bin/bsdtar
YCURL=/media/build/m/tow1-box-lmx8-v5c9798c72a2b-pg/bin/curl
YWGET=/usr/bin/wget
LIBS=
PWD=/media/build/w/c4f4e9e2efb5b0b6d82abbbd95cd5a3c/playground
LC_ALL=C
YGZIP=/media/build/m/tow1-box-lmx8-v5c9798c72a2b-pg/bin/gzip
REDIRECT=yes
YXZCAT=/media/build/m/tow1-box-lmx8-v5c9798c72a2b-pg/bin/xzcat
SD=/media/build/s
NCPU=18
CMAKE_PREFIX_PATH=/media/build/m/tow1-box-lmx8-v5c9798c72a2b-pg:/media/build/m/tar-lmx8-v507782f654a5-pg:
