source /media/build/repo/m/tow1-box-lmx8-v5f63a28cbcc1-pg/build
SHELL=/media/build/repo/m/tow1-box-lmx8-v5f63a28cbcc1-pg/bin/dash
WD=/media/build/repo/w
PIC=
OUTER_SHELL=/bin/bash
MD=/media/build/repo/m
NTHR=18
PREFIX=/media/build/repo
RD=/media/build/repo/r
LIBS=
PWD=/media/build/repo/w/bd93a4d43c2c890c42a176586228519c/playground
BD=/media/build/repo/w/bd93a4d43c2c890c42a176586228519c/playground
UPM=/media/build/repo/upm
YSHELL=/media/build/repo/m/tow1-box-lmx8-v5f63a28cbcc1-pg/bin/dash
PKGF=/media/build/repo/r/busybox-lmx8-v5f1bfb955287-pg
YCURL=/media/build/repo/m/tow1-box-lmx8-v5f63a28cbcc1-pg/bin/curl
CXXFLAGS=-O2 -pipe -fno-builtin 
YWGET=/media/build/repo/m/tow1-box-lmx8-v5f63a28cbcc1-pg/bin/wget
YMAKE=/media/build/repo/m/tow1-box-lmx8-v5f63a28cbcc1-pg/bin/make
NCPU=18
YBZIP2=/media/build/repo/m/tow1-box-lmx8-v5f63a28cbcc1-pg/bin/bzip2
LDFLAGS=
YTAR=/media/build/repo/m/tow1-box-lmx8-v5f63a28cbcc1-pg/bin/tar
HOME=/
YXZCAT=/media/build/repo/m/tow1-box-lmx8-v5f63a28cbcc1-pg/bin/xzcat
LANG=C
NTHRS=18
NCPUX=36
TMPDIR=/media/build/repo/w/bd93a4d43c2c890c42a176586228519c/tmp
CMAKE_PREFIX_PATH=/media/build/repo/m/tow1-box-lmx8-v5f63a28cbcc1-pg:
CPPFLAGS=
YUNZIP=/media/build/repo/m/tow1-box-lmx8-v5f63a28cbcc1-pg/bin/unzip
SHLVL=1
SD=/media/build/repo/s
PD=/pkg
Y7ZA=/media/build/repo/m/tow1-box-lmx8-v5f63a28cbcc1-pg/bin/7za
IDIR=/pkg/busybox-lmx8-v5f1bfb955287-pg
LC_ALL=C
PATH=/media/build/repo/m/tow1-box-lmx8-v5f63a28cbcc1-pg/bin:/media/build/repo/m/noarch-build-scripts-run-4e376:/usr/local/bin:/usr/local/sbin:/usr/bin:/usr/sbin:/bin:/sbin:.:
CFLAGS=-O2 -pipe -fno-builtin 
BDIR=/media/build/repo/w/bd93a4d43c2c890c42a176586228519c
YGZIP=/media/build/repo/m/tow1-box-lmx8-v5f63a28cbcc1-pg/bin/gzip
OLDPWD=/
_=/media/build/repo/m/tow1-box-lmx8-v5f63a28cbcc1-pg/bin/env
