===== Configuration log: generated by configure

Tue Feb  4 18:31:19 UTC 2020

# Invocation command line was:
% ./configure --prefix=/pkg/yash-lmx8-v5fc4af980df8-pg --enable-socket --enable-printf --enable-lineedit --enable-history --enable-double-bracket --enable-dirstack --enable-array

# uname -i = unknown
# uname -n = localhost
# uname -m = x86_64
# uname -o = GNU/Linux
# uname -p = unknown
# uname -r = 4.19.87-0-vanilla
# uname -s = Linux
# uname -v = #1-Alpine SMP Mon Dec 2 10:24:30 UTC 2019
# uname -a = Linux localhost 4.19.87-0-vanilla #1-Alpine SMP Mon Dec 2 10:24:30 UTC 2019 x86_64 GNU/Linux

# PATH=/media/build/repo/m/tow1-box-run-lmx8-v53cbc7612065-pg/bin:/media/build/repo/m/libiconv-lmx8-v54475b38ecdf-pg/bin:/media/build/repo/m/xz-lmx8-v5d491ffaa637-pg/bin:/media/build/repo/m/gettext-lmx8-v51fce172b58b-pg/bin:/media/build/repo/m/python-lmx8-v5e7a86b6c4dc-pg/bin:/media/build/repo/m/tc-clang-c-tool-musl-clang-c++-tool-musl-clang-linker-tool-musl-lmx8-v56fab90ebf1b-gz/bin:/media/build/repo/m/noarch-build-scripts-run-1529c:/usr/local/bin:/usr/local/sbin:/usr/bin:/usr/sbin:/bin:/sbin:.:


checking operating system...
# result: linux

checking POSIX conformance...
# result: 200809

checking SUS conformance...
# result: 700
# defining NDEBUG=1 in config.h

checking whether the compiler works...
% /usr/bin/clang -Dwordfree=yash_wordfree -w -nostdinc -O2 -pipe -fno-builtin -I/media/build/repo/m/python-lmx8-v5e7a86b6c4dc-pg/include -I/media/build/repo/m/gettext-lmx8-v51fce172b58b-pg/include -I/media/build/repo/m/netbsd-curses-lmx8-v59dd9379a515-pg/include -I/media/build/repo/m/xz-lmx8-v5d491ffaa637-pg/include -I/media/build/repo/m/libiconv-lmx8-v54475b38ecdf-pg/include -I/media/build/repo/m/musl-lmx8-v509c4b1eea89-pg/include -I/media/build/repo/m/mimalloc-lmx8-v5d0dfecc8661-pg/include -I/media/build/repo/m/python-lmx8-v5e7a86b6c4dc-pg/include -I/media/build/repo/m/gettext-lmx8-v51fce172b58b-pg/include -I/media/build/repo/m/netbsd-curses-lmx8-v59dd9379a515-pg/include -I/media/build/repo/m/xz-lmx8-v5d491ffaa637-pg/include -I/media/build/repo/m/libiconv-lmx8-v54475b38ecdf-pg/include -I/media/build/repo/m/musl-lmx8-v509c4b1eea89-pg/include -I/media/build/repo/m/mimalloc-lmx8-v5d0dfecc8661-pg/include -L/media/build/repo/m/mimalloc-lmx8-v5d0dfecc8661-pg/lib -L/media/build/repo/m/musl-lmx8-v509c4b1eea89-pg/lib -L/media/build/repo/m/libiconv-lmx8-v54475b38ecdf-pg/lib -L/media/build/repo/m/xz-lmx8-v5d491ffaa637-pg/lib -L/media/build/repo/m/netbsd-curses-lmx8-v59dd9379a515-pg/lib -L/media/build/repo/m/gettext-lmx8-v51fce172b58b-pg/lib -L/media/build/repo/m/python-lmx8-v5e7a86b6c4dc-pg/lib -static -all-static -nostdlib -fuse-ld=/usr/bin/ld.lld -lmimalloc -lmuslc -lcharset -liconv -llzma -lintl -lpython2.7 -lform -lmenu -lpanel -lcurses -lterminfo -o ./.temp.out .temp.c
% ./.temp.out
# result: yes

checking whether make supports include statements...
% eval make -f - _TEST_ <<END
.POSIX:
include ./.temp.txt
END

# result: yes

checking whether make sets $SHELL macro...
% eval SHELL=false make -f - <<END
.POSIX:
_TEST_:
	\$(SHELL) -c :
END

/bin/sh -c :
# result: yes

checking for the pax command...
% pax -w -x ustar -f ./.temp.out .temp.c
./configure: 264: ./configure: pax: not found
# exit status: 127
# result: no

checking for the install command...
% install -c -m 644 .temp.c ./.temp.out
# result: yes

checking what values _POSIX_C_SOURCE and _XOPEN_SOURCE should have...
% /usr/bin/clang -Dwordfree=yash_wordfree -w -nostdinc -O2 -pipe -fno-builtin -I/media/build/repo/m/python-lmx8-v5e7a86b6c4dc-pg/include -I/media/build/repo/m/gettext-lmx8-v51fce172b58b-pg/include -I/media/build/repo/m/netbsd-curses-lmx8-v59dd9379a515-pg/include -I/media/build/repo/m/xz-lmx8-v5d491ffaa637-pg/include -I/media/build/repo/m/libiconv-lmx8-v54475b38ecdf-pg/include -I/media/build/repo/m/musl-lmx8-v509c4b1eea89-pg/include -I/media/build/repo/m/mimalloc-lmx8-v5d0dfecc8661-pg/include -I/media/build/repo/m/python-lmx8-v5e7a86b6c4dc-pg/include -I/media/build/repo/m/gettext-lmx8-v51fce172b58b-pg/include -I/media/build/repo/m/netbsd-curses-lmx8-v59dd9379a515-pg/include -I/media/build/repo/m/xz-lmx8-v5d491ffaa637-pg/include -I/media/build/repo/m/libiconv-lmx8-v54475b38ecdf-pg/include -I/media/build/repo/m/musl-lmx8-v509c4b1eea89-pg/include -I/media/build/repo/m/mimalloc-lmx8-v5d0dfecc8661-pg/include -c -o .temp.o .temp.c
# result: _POSIX_C_SOURCE=200809L, _XOPEN_SOURCE=700
# defining _POSIX_C_SOURCE=200809L in config.h
# defining _XOPEN_SOURCE=700 in config.h

checking if loader flag -lm can be omitted...
% /usr/bin/clang -Dwordfree=yash_wordfree -w -nostdinc -O2 -pipe -fno-builtin -I/media/build/repo/m/python-lmx8-v5e7a86b6c4dc-pg/include -I/media/build/repo/m/gettext-lmx8-v51fce172b58b-pg/include -I/media/build/repo/m/netbsd-curses-lmx8-v59dd9379a515-pg/include -I/media/build/repo/m/xz-lmx8-v5d491ffaa637-pg/include -I/media/build/repo/m/libiconv-lmx8-v54475b38ecdf-pg/include -I/media/build/repo/m/musl-lmx8-v509c4b1eea89-pg/include -I/media/build/repo/m/mimalloc-lmx8-v5d0dfecc8661-pg/include -I/media/build/repo/m/python-lmx8-v5e7a86b6c4dc-pg/include -I/media/build/repo/m/gettext-lmx8-v51fce172b58b-pg/include -I/media/build/repo/m/netbsd-curses-lmx8-v59dd9379a515-pg/include -I/media/build/repo/m/xz-lmx8-v5d491ffaa637-pg/include -I/media/build/repo/m/libiconv-lmx8-v54475b38ecdf-pg/include -I/media/build/repo/m/musl-lmx8-v509c4b1eea89-pg/include -I/media/build/repo/m/mimalloc-lmx8-v5d0dfecc8661-pg/include -L/media/build/repo/m/mimalloc-lmx8-v5d0dfecc8661-pg/lib -L/media/build/repo/m/musl-lmx8-v509c4b1eea89-pg/lib -L/media/build/repo/m/libiconv-lmx8-v54475b38ecdf-pg/lib -L/media/build/repo/m/xz-lmx8-v5d491ffaa637-pg/lib -L/media/build/repo/m/netbsd-curses-lmx8-v59dd9379a515-pg/lib -L/media/build/repo/m/gettext-lmx8-v51fce172b58b-pg/lib -L/media/build/repo/m/python-lmx8-v5e7a86b6c4dc-pg/lib -static -all-static -nostdlib -fuse-ld=/usr/bin/ld.lld -lmimalloc -lmuslc -lcharset -liconv -llzma -lintl -lpython2.7 -lform -lmenu -lpanel -lcurses -lterminfo -o ./.temp.out .temp.c
# result: yes

checking for socket library...
% /usr/bin/clang -Dwordfree=yash_wordfree -w -nostdinc -O2 -pipe -fno-builtin -I/media/build/repo/m/python-lmx8-v5e7a86b6c4dc-pg/include -I/media/build/repo/m/gettext-lmx8-v51fce172b58b-pg/include -I/media/build/repo/m/netbsd-curses-lmx8-v59dd9379a515-pg/include -I/media/build/repo/m/xz-lmx8-v5d491ffaa637-pg/include -I/media/build/repo/m/libiconv-lmx8-v54475b38ecdf-pg/include -I/media/build/repo/m/musl-lmx8-v509c4b1eea89-pg/include -I/media/build/repo/m/mimalloc-lmx8-v5d0dfecc8661-pg/include -I/media/build/repo/m/python-lmx8-v5e7a86b6c4dc-pg/include -I/media/build/repo/m/gettext-lmx8-v51fce172b58b-pg/include -I/media/build/repo/m/netbsd-curses-lmx8-v59dd9379a515-pg/include -I/media/build/repo/m/xz-lmx8-v5d491ffaa637-pg/include -I/media/build/repo/m/libiconv-lmx8-v54475b38ecdf-pg/include -I/media/build/repo/m/musl-lmx8-v509c4b1eea89-pg/include -I/media/build/repo/m/mimalloc-lmx8-v5d0dfecc8661-pg/include -L/media/build/repo/m/mimalloc-lmx8-v5d0dfecc8661-pg/lib -L/media/build/repo/m/musl-lmx8-v509c4b1eea89-pg/lib -L/media/build/repo/m/libiconv-lmx8-v54475b38ecdf-pg/lib -L/media/build/repo/m/xz-lmx8-v5d491ffaa637-pg/lib -L/media/build/repo/m/netbsd-curses-lmx8-v59dd9379a515-pg/lib -L/media/build/repo/m/gettext-lmx8-v51fce172b58b-pg/lib -L/media/build/repo/m/python-lmx8-v5e7a86b6c4dc-pg/lib -static -all-static -nostdlib -fuse-ld=/usr/bin/ld.lld -lmimalloc -lmuslc -lcharset -liconv -llzma -lintl -lpython2.7 -lform -lmenu -lpanel -lcurses -lterminfo -o ./.temp.out .temp.c
# result: yes
# defining YASH_ENABLE_SOCKET=1 in config.h

checking for ngettext...
% /usr/bin/clang -Dwordfree=yash_wordfree -w -nostdinc -O2 -pipe -fno-builtin -I/media/build/repo/m/python-lmx8-v5e7a86b6c4dc-pg/include -I/media/build/repo/m/gettext-lmx8-v51fce172b58b-pg/include -I/media/build/repo/m/netbsd-curses-lmx8-v59dd9379a515-pg/include -I/media/build/repo/m/xz-lmx8-v5d491ffaa637-pg/include -I/media/build/repo/m/libiconv-lmx8-v54475b38ecdf-pg/include -I/media/build/repo/m/musl-lmx8-v509c4b1eea89-pg/include -I/media/build/repo/m/mimalloc-lmx8-v5d0dfecc8661-pg/include -I/media/build/repo/m/python-lmx8-v5e7a86b6c4dc-pg/include -I/media/build/repo/m/gettext-lmx8-v51fce172b58b-pg/include -I/media/build/repo/m/netbsd-curses-lmx8-v59dd9379a515-pg/include -I/media/build/repo/m/xz-lmx8-v5d491ffaa637-pg/include -I/media/build/repo/m/libiconv-lmx8-v54475b38ecdf-pg/include -I/media/build/repo/m/musl-lmx8-v509c4b1eea89-pg/include -I/media/build/repo/m/mimalloc-lmx8-v5d0dfecc8661-pg/include -c -o .temp.o .temp.c
# result: yes
# defining HAVE_NGETTEXT=1 in config.h

checking for gettext library...
% /usr/bin/clang -Dwordfree=yash_wordfree -w -nostdinc -O2 -pipe -fno-builtin -I/media/build/repo/m/python-lmx8-v5e7a86b6c4dc-pg/include -I/media/build/repo/m/gettext-lmx8-v51fce172b58b-pg/include -I/media/build/repo/m/netbsd-curses-lmx8-v59dd9379a515-pg/include -I/media/build/repo/m/xz-lmx8-v5d491ffaa637-pg/include -I/media/build/repo/m/libiconv-lmx8-v54475b38ecdf-pg/include -I/media/build/repo/m/musl-lmx8-v509c4b1eea89-pg/include -I/media/build/repo/m/mimalloc-lmx8-v5d0dfecc8661-pg/include -I/media/build/repo/m/python-lmx8-v5e7a86b6c4dc-pg/include -I/media/build/repo/m/gettext-lmx8-v51fce172b58b-pg/include -I/media/build/repo/m/netbsd-curses-lmx8-v59dd9379a515-pg/include -I/media/build/repo/m/xz-lmx8-v5d491ffaa637-pg/include -I/media/build/repo/m/libiconv-lmx8-v54475b38ecdf-pg/include -I/media/build/repo/m/musl-lmx8-v509c4b1eea89-pg/include -I/media/build/repo/m/mimalloc-lmx8-v5d0dfecc8661-pg/include -c -o .temp.o .temp.c
% /usr/bin/clang -L/media/build/repo/m/mimalloc-lmx8-v5d0dfecc8661-pg/lib -L/media/build/repo/m/musl-lmx8-v509c4b1eea89-pg/lib -L/media/build/repo/m/libiconv-lmx8-v54475b38ecdf-pg/lib -L/media/build/repo/m/xz-lmx8-v5d491ffaa637-pg/lib -L/media/build/repo/m/netbsd-curses-lmx8-v59dd9379a515-pg/lib -L/media/build/repo/m/gettext-lmx8-v51fce172b58b-pg/lib -L/media/build/repo/m/python-lmx8-v5e7a86b6c4dc-pg/lib -static -all-static -nostdlib -fuse-ld=/usr/bin/ld.lld -lmimalloc -lmuslc -lcharset -liconv -llzma -lintl -lpython2.7 -lform -lmenu -lpanel -lcurses -lterminfo -o ./.temp.out .temp.o
clang-9: warning: argument unused during compilation: '-all-static' [-Wunused-command-line-argument]
# result: yes
# defining HAVE_GETTEXT=1 in config.h

checking for curses.h...
% /usr/bin/clang -Dwordfree=yash_wordfree -w -nostdinc -O2 -pipe -fno-builtin -I/media/build/repo/m/python-lmx8-v5e7a86b6c4dc-pg/include -I/media/build/repo/m/gettext-lmx8-v51fce172b58b-pg/include -I/media/build/repo/m/netbsd-curses-lmx8-v59dd9379a515-pg/include -I/media/build/repo/m/xz-lmx8-v5d491ffaa637-pg/include -I/media/build/repo/m/libiconv-lmx8-v54475b38ecdf-pg/include -I/media/build/repo/m/musl-lmx8-v509c4b1eea89-pg/include -I/media/build/repo/m/mimalloc-lmx8-v5d0dfecc8661-pg/include -I/media/build/repo/m/python-lmx8-v5e7a86b6c4dc-pg/include -I/media/build/repo/m/gettext-lmx8-v51fce172b58b-pg/include -I/media/build/repo/m/netbsd-curses-lmx8-v59dd9379a515-pg/include -I/media/build/repo/m/xz-lmx8-v5d491ffaa637-pg/include -I/media/build/repo/m/libiconv-lmx8-v54475b38ecdf-pg/include -I/media/build/repo/m/musl-lmx8-v509c4b1eea89-pg/include -I/media/build/repo/m/mimalloc-lmx8-v5d0dfecc8661-pg/include -c -o .temp.o .temp.c
# result: yes
# defining HAVE_CURSES_H=1 in config.h

checking for term.h...
% /usr/bin/clang -Dwordfree=yash_wordfree -w -nostdinc -O2 -pipe -fno-builtin -I/media/build/repo/m/python-lmx8-v5e7a86b6c4dc-pg/include -I/media/build/repo/m/gettext-lmx8-v51fce172b58b-pg/include -I/media/build/repo/m/netbsd-curses-lmx8-v59dd9379a515-pg/include -I/media/build/repo/m/xz-lmx8-v5d491ffaa637-pg/include -I/media/build/repo/m/libiconv-lmx8-v54475b38ecdf-pg/include -I/media/build/repo/m/musl-lmx8-v509c4b1eea89-pg/include -I/media/build/repo/m/mimalloc-lmx8-v5d0dfecc8661-pg/include -I/media/build/repo/m/python-lmx8-v5e7a86b6c4dc-pg/include -I/media/build/repo/m/gettext-lmx8-v51fce172b58b-pg/include -I/media/build/repo/m/netbsd-curses-lmx8-v59dd9379a515-pg/include -I/media/build/repo/m/xz-lmx8-v5d491ffaa637-pg/include -I/media/build/repo/m/libiconv-lmx8-v54475b38ecdf-pg/include -I/media/build/repo/m/musl-lmx8-v509c4b1eea89-pg/include -I/media/build/repo/m/mimalloc-lmx8-v5d0dfecc8661-pg/include -c -o .temp.o .temp.c
# result: yes
# defining HAVE_TERM_H=1 in config.h

checking for terminfo library...
% /usr/bin/clang -Dwordfree=yash_wordfree -w -nostdinc -O2 -pipe -fno-builtin -I/media/build/repo/m/python-lmx8-v5e7a86b6c4dc-pg/include -I/media/build/repo/m/gettext-lmx8-v51fce172b58b-pg/include -I/media/build/repo/m/netbsd-curses-lmx8-v59dd9379a515-pg/include -I/media/build/repo/m/xz-lmx8-v5d491ffaa637-pg/include -I/media/build/repo/m/libiconv-lmx8-v54475b38ecdf-pg/include -I/media/build/repo/m/musl-lmx8-v509c4b1eea89-pg/include -I/media/build/repo/m/mimalloc-lmx8-v5d0dfecc8661-pg/include -I/media/build/repo/m/python-lmx8-v5e7a86b6c4dc-pg/include -I/media/build/repo/m/gettext-lmx8-v51fce172b58b-pg/include -I/media/build/repo/m/netbsd-curses-lmx8-v59dd9379a515-pg/include -I/media/build/repo/m/xz-lmx8-v5d491ffaa637-pg/include -I/media/build/repo/m/libiconv-lmx8-v54475b38ecdf-pg/include -I/media/build/repo/m/musl-lmx8-v509c4b1eea89-pg/include -I/media/build/repo/m/mimalloc-lmx8-v5d0dfecc8661-pg/include -c -o .temp.o .temp.c
% /usr/bin/clang -L/media/build/repo/m/mimalloc-lmx8-v5d0dfecc8661-pg/lib -L/media/build/repo/m/musl-lmx8-v509c4b1eea89-pg/lib -L/media/build/repo/m/libiconv-lmx8-v54475b38ecdf-pg/lib -L/media/build/repo/m/xz-lmx8-v5d491ffaa637-pg/lib -L/media/build/repo/m/netbsd-curses-lmx8-v59dd9379a515-pg/lib -L/media/build/repo/m/gettext-lmx8-v51fce172b58b-pg/lib -L/media/build/repo/m/python-lmx8-v5e7a86b6c4dc-pg/lib -static -all-static -nostdlib -fuse-ld=/usr/bin/ld.lld -lmimalloc -lmuslc -lcharset -liconv -llzma -lintl -lpython2.7 -lform -lmenu -lpanel -lcurses -lterminfo -o ./.temp.out .temp.o
clang-9: warning: argument unused during compilation: '-all-static' [-Wunused-command-line-argument]
# result: yes
# defining YASH_ENABLE_LINEEDIT=1 in config.h

checking for /proc/self/exe...
% /proc/self/exe -c true
# result: yes
# defining HAVE_PROC_SELF_EXE=1 in config.h

checking for strnlen...
% /usr/bin/clang -Dwordfree=yash_wordfree -w -nostdinc -O2 -pipe -fno-builtin -I/media/build/repo/m/python-lmx8-v5e7a86b6c4dc-pg/include -I/media/build/repo/m/gettext-lmx8-v51fce172b58b-pg/include -I/media/build/repo/m/netbsd-curses-lmx8-v59dd9379a515-pg/include -I/media/build/repo/m/xz-lmx8-v5d491ffaa637-pg/include -I/media/build/repo/m/libiconv-lmx8-v54475b38ecdf-pg/include -I/media/build/repo/m/musl-lmx8-v509c4b1eea89-pg/include -I/media/build/repo/m/mimalloc-lmx8-v5d0dfecc8661-pg/include -I/media/build/repo/m/python-lmx8-v5e7a86b6c4dc-pg/include -I/media/build/repo/m/gettext-lmx8-v51fce172b58b-pg/include -I/media/build/repo/m/netbsd-curses-lmx8-v59dd9379a515-pg/include -I/media/build/repo/m/xz-lmx8-v5d491ffaa637-pg/include -I/media/build/repo/m/libiconv-lmx8-v54475b38ecdf-pg/include -I/media/build/repo/m/musl-lmx8-v509c4b1eea89-pg/include -I/media/build/repo/m/mimalloc-lmx8-v5d0dfecc8661-pg/include -L/media/build/repo/m/mimalloc-lmx8-v5d0dfecc8661-pg/lib -L/media/build/repo/m/musl-lmx8-v509c4b1eea89-pg/lib -L/media/build/repo/m/libiconv-lmx8-v54475b38ecdf-pg/lib -L/media/build/repo/m/xz-lmx8-v5d491ffaa637-pg/lib -L/media/build/repo/m/netbsd-curses-lmx8-v59dd9379a515-pg/lib -L/media/build/repo/m/gettext-lmx8-v51fce172b58b-pg/lib -L/media/build/repo/m/python-lmx8-v5e7a86b6c4dc-pg/lib -static -all-static -nostdlib -fuse-ld=/usr/bin/ld.lld -lmimalloc -lmuslc -lcharset -liconv -llzma -lintl -lpython2.7 -lform -lmenu -lpanel -lcurses -lterminfo -o ./.temp.out .temp.c
% ./.temp.out
# result: yes
# defining HAVE_STRNLEN=1 in config.h

checking for strdup...
% /usr/bin/clang -Dwordfree=yash_wordfree -w -nostdinc -O2 -pipe -fno-builtin -I/media/build/repo/m/python-lmx8-v5e7a86b6c4dc-pg/include -I/media/build/repo/m/gettext-lmx8-v51fce172b58b-pg/include -I/media/build/repo/m/netbsd-curses-lmx8-v59dd9379a515-pg/include -I/media/build/repo/m/xz-lmx8-v5d491ffaa637-pg/include -I/media/build/repo/m/libiconv-lmx8-v54475b38ecdf-pg/include -I/media/build/repo/m/musl-lmx8-v509c4b1eea89-pg/include -I/media/build/repo/m/mimalloc-lmx8-v5d0dfecc8661-pg/include -I/media/build/repo/m/python-lmx8-v5e7a86b6c4dc-pg/include -I/media/build/repo/m/gettext-lmx8-v51fce172b58b-pg/include -I/media/build/repo/m/netbsd-curses-lmx8-v59dd9379a515-pg/include -I/media/build/repo/m/xz-lmx8-v5d491ffaa637-pg/include -I/media/build/repo/m/libiconv-lmx8-v54475b38ecdf-pg/include -I/media/build/repo/m/musl-lmx8-v509c4b1eea89-pg/include -I/media/build/repo/m/mimalloc-lmx8-v5d0dfecc8661-pg/include -L/media/build/repo/m/mimalloc-lmx8-v5d0dfecc8661-pg/lib -L/media/build/repo/m/musl-lmx8-v509c4b1eea89-pg/lib -L/media/build/repo/m/libiconv-lmx8-v54475b38ecdf-pg/lib -L/media/build/repo/m/xz-lmx8-v5d491ffaa637-pg/lib -L/media/build/repo/m/netbsd-curses-lmx8-v59dd9379a515-pg/lib -L/media/build/repo/m/gettext-lmx8-v51fce172b58b-pg/lib -L/media/build/repo/m/python-lmx8-v5e7a86b6c4dc-pg/lib -static -all-static -nostdlib -fuse-ld=/usr/bin/ld.lld -lmimalloc -lmuslc -lcharset -liconv -llzma -lintl -lpython2.7 -lform -lmenu -lpanel -lcurses -lterminfo -o ./.temp.out .temp.c
% ./.temp.out
# result: yes
# defining HAVE_STRDUP=1 in config.h

checking for wcsnlen...
% /usr/bin/clang -Dwordfree=yash_wordfree -w -nostdinc -O2 -pipe -fno-builtin -I/media/build/repo/m/python-lmx8-v5e7a86b6c4dc-pg/include -I/media/build/repo/m/gettext-lmx8-v51fce172b58b-pg/include -I/media/build/repo/m/netbsd-curses-lmx8-v59dd9379a515-pg/include -I/media/build/repo/m/xz-lmx8-v5d491ffaa637-pg/include -I/media/build/repo/m/libiconv-lmx8-v54475b38ecdf-pg/include -I/media/build/repo/m/musl-lmx8-v509c4b1eea89-pg/include -I/media/build/repo/m/mimalloc-lmx8-v5d0dfecc8661-pg/include -I/media/build/repo/m/python-lmx8-v5e7a86b6c4dc-pg/include -I/media/build/repo/m/gettext-lmx8-v51fce172b58b-pg/include -I/media/build/repo/m/netbsd-curses-lmx8-v59dd9379a515-pg/include -I/media/build/repo/m/xz-lmx8-v5d491ffaa637-pg/include -I/media/build/repo/m/libiconv-lmx8-v54475b38ecdf-pg/include -I/media/build/repo/m/musl-lmx8-v509c4b1eea89-pg/include -I/media/build/repo/m/mimalloc-lmx8-v5d0dfecc8661-pg/include -L/media/build/repo/m/mimalloc-lmx8-v5d0dfecc8661-pg/lib -L/media/build/repo/m/musl-lmx8-v509c4b1eea89-pg/lib -L/media/build/repo/m/libiconv-lmx8-v54475b38ecdf-pg/lib -L/media/build/repo/m/xz-lmx8-v5d491ffaa637-pg/lib -L/media/build/repo/m/netbsd-curses-lmx8-v59dd9379a515-pg/lib -L/media/build/repo/m/gettext-lmx8-v51fce172b58b-pg/lib -L/media/build/repo/m/python-lmx8-v5e7a86b6c4dc-pg/lib -static -all-static -nostdlib -fuse-ld=/usr/bin/ld.lld -lmimalloc -lmuslc -lcharset -liconv -llzma -lintl -lpython2.7 -lform -lmenu -lpanel -lcurses -lterminfo -o ./.temp.out .temp.c
% ./.temp.out
# result: yes
# defining HAVE_WCSNLEN=1 in config.h

checking for wcsdup...
% /usr/bin/clang -Dwordfree=yash_wordfree -w -nostdinc -O2 -pipe -fno-builtin -I/media/build/repo/m/python-lmx8-v5e7a86b6c4dc-pg/include -I/media/build/repo/m/gettext-lmx8-v51fce172b58b-pg/include -I/media/build/repo/m/netbsd-curses-lmx8-v59dd9379a515-pg/include -I/media/build/repo/m/xz-lmx8-v5d491ffaa637-pg/include -I/media/build/repo/m/libiconv-lmx8-v54475b38ecdf-pg/include -I/media/build/repo/m/musl-lmx8-v509c4b1eea89-pg/include -I/media/build/repo/m/mimalloc-lmx8-v5d0dfecc8661-pg/include -I/media/build/repo/m/python-lmx8-v5e7a86b6c4dc-pg/include -I/media/build/repo/m/gettext-lmx8-v51fce172b58b-pg/include -I/media/build/repo/m/netbsd-curses-lmx8-v59dd9379a515-pg/include -I/media/build/repo/m/xz-lmx8-v5d491ffaa637-pg/include -I/media/build/repo/m/libiconv-lmx8-v54475b38ecdf-pg/include -I/media/build/repo/m/musl-lmx8-v509c4b1eea89-pg/include -I/media/build/repo/m/mimalloc-lmx8-v5d0dfecc8661-pg/include -L/media/build/repo/m/mimalloc-lmx8-v5d0dfecc8661-pg/lib -L/media/build/repo/m/musl-lmx8-v509c4b1eea89-pg/lib -L/media/build/repo/m/libiconv-lmx8-v54475b38ecdf-pg/lib -L/media/build/repo/m/xz-lmx8-v5d491ffaa637-pg/lib -L/media/build/repo/m/netbsd-curses-lmx8-v59dd9379a515-pg/lib -L/media/build/repo/m/gettext-lmx8-v51fce172b58b-pg/lib -L/media/build/repo/m/python-lmx8-v5e7a86b6c4dc-pg/lib -static -all-static -nostdlib -fuse-ld=/usr/bin/ld.lld -lmimalloc -lmuslc -lcharset -liconv -llzma -lintl -lpython2.7 -lform -lmenu -lpanel -lcurses -lterminfo -o ./.temp.out .temp.c
% ./.temp.out
# result: yes
# defining HAVE_WCSDUP=1 in config.h

checking for wcscasecmp...
% /usr/bin/clang -Dwordfree=yash_wordfree -w -nostdinc -O2 -pipe -fno-builtin -I/media/build/repo/m/python-lmx8-v5e7a86b6c4dc-pg/include -I/media/build/repo/m/gettext-lmx8-v51fce172b58b-pg/include -I/media/build/repo/m/netbsd-curses-lmx8-v59dd9379a515-pg/include -I/media/build/repo/m/xz-lmx8-v5d491ffaa637-pg/include -I/media/build/repo/m/libiconv-lmx8-v54475b38ecdf-pg/include -I/media/build/repo/m/musl-lmx8-v509c4b1eea89-pg/include -I/media/build/repo/m/mimalloc-lmx8-v5d0dfecc8661-pg/include -I/media/build/repo/m/python-lmx8-v5e7a86b6c4dc-pg/include -I/media/build/repo/m/gettext-lmx8-v51fce172b58b-pg/include -I/media/build/repo/m/netbsd-curses-lmx8-v59dd9379a515-pg/include -I/media/build/repo/m/xz-lmx8-v5d491ffaa637-pg/include -I/media/build/repo/m/libiconv-lmx8-v54475b38ecdf-pg/include -I/media/build/repo/m/musl-lmx8-v509c4b1eea89-pg/include -I/media/build/repo/m/mimalloc-lmx8-v5d0dfecc8661-pg/include -L/media/build/repo/m/mimalloc-lmx8-v5d0dfecc8661-pg/lib -L/media/build/repo/m/musl-lmx8-v509c4b1eea89-pg/lib -L/media/build/repo/m/libiconv-lmx8-v54475b38ecdf-pg/lib -L/media/build/repo/m/xz-lmx8-v5d491ffaa637-pg/lib -L/media/build/repo/m/netbsd-curses-lmx8-v59dd9379a515-pg/lib -L/media/build/repo/m/gettext-lmx8-v51fce172b58b-pg/lib -L/media/build/repo/m/python-lmx8-v5e7a86b6c4dc-pg/lib -static -all-static -nostdlib -fuse-ld=/usr/bin/ld.lld -lmimalloc -lmuslc -lcharset -liconv -llzma -lintl -lpython2.7 -lform -lmenu -lpanel -lcurses -lterminfo -o ./.temp.out .temp.c
% ./.temp.out
# result: yes
# defining HAVE_WCSCASECMP=1 in config.h

checking for wcsnrtombs...
% /usr/bin/clang -Dwordfree=yash_wordfree -w -nostdinc -O2 -pipe -fno-builtin -I/media/build/repo/m/python-lmx8-v5e7a86b6c4dc-pg/include -I/media/build/repo/m/gettext-lmx8-v51fce172b58b-pg/include -I/media/build/repo/m/netbsd-curses-lmx8-v59dd9379a515-pg/include -I/media/build/repo/m/xz-lmx8-v5d491ffaa637-pg/include -I/media/build/repo/m/libiconv-lmx8-v54475b38ecdf-pg/include -I/media/build/repo/m/musl-lmx8-v509c4b1eea89-pg/include -I/media/build/repo/m/mimalloc-lmx8-v5d0dfecc8661-pg/include -I/media/build/repo/m/python-lmx8-v5e7a86b6c4dc-pg/include -I/media/build/repo/m/gettext-lmx8-v51fce172b58b-pg/include -I/media/build/repo/m/netbsd-curses-lmx8-v59dd9379a515-pg/include -I/media/build/repo/m/xz-lmx8-v5d491ffaa637-pg/include -I/media/build/repo/m/libiconv-lmx8-v54475b38ecdf-pg/include -I/media/build/repo/m/musl-lmx8-v509c4b1eea89-pg/include -I/media/build/repo/m/mimalloc-lmx8-v5d0dfecc8661-pg/include -L/media/build/repo/m/mimalloc-lmx8-v5d0dfecc8661-pg/lib -L/media/build/repo/m/musl-lmx8-v509c4b1eea89-pg/lib -L/media/build/repo/m/libiconv-lmx8-v54475b38ecdf-pg/lib -L/media/build/repo/m/xz-lmx8-v5d491ffaa637-pg/lib -L/media/build/repo/m/netbsd-curses-lmx8-v59dd9379a515-pg/lib -L/media/build/repo/m/gettext-lmx8-v51fce172b58b-pg/lib -L/media/build/repo/m/python-lmx8-v5e7a86b6c4dc-pg/lib -static -all-static -nostdlib -fuse-ld=/usr/bin/ld.lld -lmimalloc -lmuslc -lcharset -liconv -llzma -lintl -lpython2.7 -lform -lmenu -lpanel -lcurses -lterminfo -o ./.temp.out .temp.c
% ./.temp.out
# result: yes
# defining HAVE_WCSNRTOMBS=1 in config.h

checking for wcstold...
% /usr/bin/clang -Dwordfree=yash_wordfree -w -nostdinc -O2 -pipe -fno-builtin -I/media/build/repo/m/python-lmx8-v5e7a86b6c4dc-pg/include -I/media/build/repo/m/gettext-lmx8-v51fce172b58b-pg/include -I/media/build/repo/m/netbsd-curses-lmx8-v59dd9379a515-pg/include -I/media/build/repo/m/xz-lmx8-v5d491ffaa637-pg/include -I/media/build/repo/m/libiconv-lmx8-v54475b38ecdf-pg/include -I/media/build/repo/m/musl-lmx8-v509c4b1eea89-pg/include -I/media/build/repo/m/mimalloc-lmx8-v5d0dfecc8661-pg/include -I/media/build/repo/m/python-lmx8-v5e7a86b6c4dc-pg/include -I/media/build/repo/m/gettext-lmx8-v51fce172b58b-pg/include -I/media/build/repo/m/netbsd-curses-lmx8-v59dd9379a515-pg/include -I/media/build/repo/m/xz-lmx8-v5d491ffaa637-pg/include -I/media/build/repo/m/libiconv-lmx8-v54475b38ecdf-pg/include -I/media/build/repo/m/musl-lmx8-v509c4b1eea89-pg/include -I/media/build/repo/m/mimalloc-lmx8-v5d0dfecc8661-pg/include -L/media/build/repo/m/mimalloc-lmx8-v5d0dfecc8661-pg/lib -L/media/build/repo/m/musl-lmx8-v509c4b1eea89-pg/lib -L/media/build/repo/m/libiconv-lmx8-v54475b38ecdf-pg/lib -L/media/build/repo/m/xz-lmx8-v5d491ffaa637-pg/lib -L/media/build/repo/m/netbsd-curses-lmx8-v59dd9379a515-pg/lib -L/media/build/repo/m/gettext-lmx8-v51fce172b58b-pg/lib -L/media/build/repo/m/python-lmx8-v5e7a86b6c4dc-pg/lib -static -all-static -nostdlib -fuse-ld=/usr/bin/ld.lld -lmimalloc -lmuslc -lcharset -liconv -llzma -lintl -lpython2.7 -lform -lmenu -lpanel -lcurses -lterminfo -o ./.temp.out .temp.c
% ./.temp.out
# result: yes
# defining HAVE_WCSTOLD=1 in config.h

checking for wcwidth...
% /usr/bin/clang -Dwordfree=yash_wordfree -w -nostdinc -O2 -pipe -fno-builtin -I/media/build/repo/m/python-lmx8-v5e7a86b6c4dc-pg/include -I/media/build/repo/m/gettext-lmx8-v51fce172b58b-pg/include -I/media/build/repo/m/netbsd-curses-lmx8-v59dd9379a515-pg/include -I/media/build/repo/m/xz-lmx8-v5d491ffaa637-pg/include -I/media/build/repo/m/libiconv-lmx8-v54475b38ecdf-pg/include -I/media/build/repo/m/musl-lmx8-v509c4b1eea89-pg/include -I/media/build/repo/m/mimalloc-lmx8-v5d0dfecc8661-pg/include -I/media/build/repo/m/python-lmx8-v5e7a86b6c4dc-pg/include -I/media/build/repo/m/gettext-lmx8-v51fce172b58b-pg/include -I/media/build/repo/m/netbsd-curses-lmx8-v59dd9379a515-pg/include -I/media/build/repo/m/xz-lmx8-v5d491ffaa637-pg/include -I/media/build/repo/m/libiconv-lmx8-v54475b38ecdf-pg/include -I/media/build/repo/m/musl-lmx8-v509c4b1eea89-pg/include -I/media/build/repo/m/mimalloc-lmx8-v5d0dfecc8661-pg/include -L/media/build/repo/m/mimalloc-lmx8-v5d0dfecc8661-pg/lib -L/media/build/repo/m/musl-lmx8-v509c4b1eea89-pg/lib -L/media/build/repo/m/libiconv-lmx8-v54475b38ecdf-pg/lib -L/media/build/repo/m/xz-lmx8-v5d491ffaa637-pg/lib -L/media/build/repo/m/netbsd-curses-lmx8-v59dd9379a515-pg/lib -L/media/build/repo/m/gettext-lmx8-v51fce172b58b-pg/lib -L/media/build/repo/m/python-lmx8-v5e7a86b6c4dc-pg/lib -static -all-static -nostdlib -fuse-ld=/usr/bin/ld.lld -lmimalloc -lmuslc -lcharset -liconv -llzma -lintl -lpython2.7 -lform -lmenu -lpanel -lcurses -lterminfo -o ./.temp.out .temp.c
% ./.temp.out
# result: yes
# defining HAVE_WCWIDTH=1 in config.h

checking if <sys/stat.h> defines S_ISVTX...
% /usr/bin/clang -Dwordfree=yash_wordfree -w -nostdinc -O2 -pipe -fno-builtin -I/media/build/repo/m/python-lmx8-v5e7a86b6c4dc-pg/include -I/media/build/repo/m/gettext-lmx8-v51fce172b58b-pg/include -I/media/build/repo/m/netbsd-curses-lmx8-v59dd9379a515-pg/include -I/media/build/repo/m/xz-lmx8-v5d491ffaa637-pg/include -I/media/build/repo/m/libiconv-lmx8-v54475b38ecdf-pg/include -I/media/build/repo/m/musl-lmx8-v509c4b1eea89-pg/include -I/media/build/repo/m/mimalloc-lmx8-v5d0dfecc8661-pg/include -I/media/build/repo/m/python-lmx8-v5e7a86b6c4dc-pg/include -I/media/build/repo/m/gettext-lmx8-v51fce172b58b-pg/include -I/media/build/repo/m/netbsd-curses-lmx8-v59dd9379a515-pg/include -I/media/build/repo/m/xz-lmx8-v5d491ffaa637-pg/include -I/media/build/repo/m/libiconv-lmx8-v54475b38ecdf-pg/include -I/media/build/repo/m/musl-lmx8-v509c4b1eea89-pg/include -I/media/build/repo/m/mimalloc-lmx8-v5d0dfecc8661-pg/include -L/media/build/repo/m/mimalloc-lmx8-v5d0dfecc8661-pg/lib -L/media/build/repo/m/musl-lmx8-v509c4b1eea89-pg/lib -L/media/build/repo/m/libiconv-lmx8-v54475b38ecdf-pg/lib -L/media/build/repo/m/xz-lmx8-v5d491ffaa637-pg/lib -L/media/build/repo/m/netbsd-curses-lmx8-v59dd9379a515-pg/lib -L/media/build/repo/m/gettext-lmx8-v51fce172b58b-pg/lib -L/media/build/repo/m/python-lmx8-v5e7a86b6c4dc-pg/lib -static -all-static -nostdlib -fuse-ld=/usr/bin/ld.lld -lmimalloc -lmuslc -lcharset -liconv -llzma -lintl -lpython2.7 -lform -lmenu -lpanel -lcurses -lterminfo -o ./.temp.out .temp.c
# result: yes
# defining HAVE_S_ISVTX=1 in config.h

checking if unsetenv returns int...
% /usr/bin/clang -Dwordfree=yash_wordfree -w -nostdinc -O2 -pipe -fno-builtin -I/media/build/repo/m/python-lmx8-v5e7a86b6c4dc-pg/include -I/media/build/repo/m/gettext-lmx8-v51fce172b58b-pg/include -I/media/build/repo/m/netbsd-curses-lmx8-v59dd9379a515-pg/include -I/media/build/repo/m/xz-lmx8-v5d491ffaa637-pg/include -I/media/build/repo/m/libiconv-lmx8-v54475b38ecdf-pg/include -I/media/build/repo/m/musl-lmx8-v509c4b1eea89-pg/include -I/media/build/repo/m/mimalloc-lmx8-v5d0dfecc8661-pg/include -I/media/build/repo/m/python-lmx8-v5e7a86b6c4dc-pg/include -I/media/build/repo/m/gettext-lmx8-v51fce172b58b-pg/include -I/media/build/repo/m/netbsd-curses-lmx8-v59dd9379a515-pg/include -I/media/build/repo/m/xz-lmx8-v5d491ffaa637-pg/include -I/media/build/repo/m/libiconv-lmx8-v54475b38ecdf-pg/include -I/media/build/repo/m/musl-lmx8-v509c4b1eea89-pg/include -I/media/build/repo/m/mimalloc-lmx8-v5d0dfecc8661-pg/include -L/media/build/repo/m/mimalloc-lmx8-v5d0dfecc8661-pg/lib -L/media/build/repo/m/musl-lmx8-v509c4b1eea89-pg/lib -L/media/build/repo/m/libiconv-lmx8-v54475b38ecdf-pg/lib -L/media/build/repo/m/xz-lmx8-v5d491ffaa637-pg/lib -L/media/build/repo/m/netbsd-curses-lmx8-v59dd9379a515-pg/lib -L/media/build/repo/m/gettext-lmx8-v51fce172b58b-pg/lib -L/media/build/repo/m/python-lmx8-v5e7a86b6c4dc-pg/lib -static -all-static -nostdlib -fuse-ld=/usr/bin/ld.lld -lmimalloc -lmuslc -lcharset -liconv -llzma -lintl -lpython2.7 -lform -lmenu -lpanel -lcurses -lterminfo -o ./.temp.out .temp.c
# result: yes
# defining UNSETENV_RETURNS_INT=1 in config.h

checking for st_atim...
% /usr/bin/clang -Dwordfree=yash_wordfree -w -nostdinc -O2 -pipe -fno-builtin -I/media/build/repo/m/python-lmx8-v5e7a86b6c4dc-pg/include -I/media/build/repo/m/gettext-lmx8-v51fce172b58b-pg/include -I/media/build/repo/m/netbsd-curses-lmx8-v59dd9379a515-pg/include -I/media/build/repo/m/xz-lmx8-v5d491ffaa637-pg/include -I/media/build/repo/m/libiconv-lmx8-v54475b38ecdf-pg/include -I/media/build/repo/m/musl-lmx8-v509c4b1eea89-pg/include -I/media/build/repo/m/mimalloc-lmx8-v5d0dfecc8661-pg/include -I/media/build/repo/m/python-lmx8-v5e7a86b6c4dc-pg/include -I/media/build/repo/m/gettext-lmx8-v51fce172b58b-pg/include -I/media/build/repo/m/netbsd-curses-lmx8-v59dd9379a515-pg/include -I/media/build/repo/m/xz-lmx8-v5d491ffaa637-pg/include -I/media/build/repo/m/libiconv-lmx8-v54475b38ecdf-pg/include -I/media/build/repo/m/musl-lmx8-v509c4b1eea89-pg/include -I/media/build/repo/m/mimalloc-lmx8-v5d0dfecc8661-pg/include -L/media/build/repo/m/mimalloc-lmx8-v5d0dfecc8661-pg/lib -L/media/build/repo/m/musl-lmx8-v509c4b1eea89-pg/lib -L/media/build/repo/m/libiconv-lmx8-v54475b38ecdf-pg/lib -L/media/build/repo/m/xz-lmx8-v5d491ffaa637-pg/lib -L/media/build/repo/m/netbsd-curses-lmx8-v59dd9379a515-pg/lib -L/media/build/repo/m/gettext-lmx8-v51fce172b58b-pg/lib -L/media/build/repo/m/python-lmx8-v5e7a86b6c4dc-pg/lib -static -all-static -nostdlib -fuse-ld=/usr/bin/ld.lld -lmimalloc -lmuslc -lcharset -liconv -llzma -lintl -lpython2.7 -lform -lmenu -lpanel -lcurses -lterminfo -o ./.temp.out .temp.c
# result: yes
# defining HAVE_ST_ATIM=1 in config.h

checking for st_mtim...
% /usr/bin/clang -Dwordfree=yash_wordfree -w -nostdinc -O2 -pipe -fno-builtin -I/media/build/repo/m/python-lmx8-v5e7a86b6c4dc-pg/include -I/media/build/repo/m/gettext-lmx8-v51fce172b58b-pg/include -I/media/build/repo/m/netbsd-curses-lmx8-v59dd9379a515-pg/include -I/media/build/repo/m/xz-lmx8-v5d491ffaa637-pg/include -I/media/build/repo/m/libiconv-lmx8-v54475b38ecdf-pg/include -I/media/build/repo/m/musl-lmx8-v509c4b1eea89-pg/include -I/media/build/repo/m/mimalloc-lmx8-v5d0dfecc8661-pg/include -I/media/build/repo/m/python-lmx8-v5e7a86b6c4dc-pg/include -I/media/build/repo/m/gettext-lmx8-v51fce172b58b-pg/include -I/media/build/repo/m/netbsd-curses-lmx8-v59dd9379a515-pg/include -I/media/build/repo/m/xz-lmx8-v5d491ffaa637-pg/include -I/media/build/repo/m/libiconv-lmx8-v54475b38ecdf-pg/include -I/media/build/repo/m/musl-lmx8-v509c4b1eea89-pg/include -I/media/build/repo/m/mimalloc-lmx8-v5d0dfecc8661-pg/include -L/media/build/repo/m/mimalloc-lmx8-v5d0dfecc8661-pg/lib -L/media/build/repo/m/musl-lmx8-v509c4b1eea89-pg/lib -L/media/build/repo/m/libiconv-lmx8-v54475b38ecdf-pg/lib -L/media/build/repo/m/xz-lmx8-v5d491ffaa637-pg/lib -L/media/build/repo/m/netbsd-curses-lmx8-v59dd9379a515-pg/lib -L/media/build/repo/m/gettext-lmx8-v51fce172b58b-pg/lib -L/media/build/repo/m/python-lmx8-v5e7a86b6c4dc-pg/lib -static -all-static -nostdlib -fuse-ld=/usr/bin/ld.lld -lmimalloc -lmuslc -lcharset -liconv -llzma -lintl -lpython2.7 -lform -lmenu -lpanel -lcurses -lterminfo -o ./.temp.out .temp.c
# result: yes
# defining HAVE_ST_MTIM=1 in config.h

checking for WCONTINUED and WIFCONTINUED...
% /usr/bin/clang -Dwordfree=yash_wordfree -w -nostdinc -O2 -pipe -fno-builtin -I/media/build/repo/m/python-lmx8-v5e7a86b6c4dc-pg/include -I/media/build/repo/m/gettext-lmx8-v51fce172b58b-pg/include -I/media/build/repo/m/netbsd-curses-lmx8-v59dd9379a515-pg/include -I/media/build/repo/m/xz-lmx8-v5d491ffaa637-pg/include -I/media/build/repo/m/libiconv-lmx8-v54475b38ecdf-pg/include -I/media/build/repo/m/musl-lmx8-v509c4b1eea89-pg/include -I/media/build/repo/m/mimalloc-lmx8-v5d0dfecc8661-pg/include -I/media/build/repo/m/python-lmx8-v5e7a86b6c4dc-pg/include -I/media/build/repo/m/gettext-lmx8-v51fce172b58b-pg/include -I/media/build/repo/m/netbsd-curses-lmx8-v59dd9379a515-pg/include -I/media/build/repo/m/xz-lmx8-v5d491ffaa637-pg/include -I/media/build/repo/m/libiconv-lmx8-v54475b38ecdf-pg/include -I/media/build/repo/m/musl-lmx8-v509c4b1eea89-pg/include -I/media/build/repo/m/mimalloc-lmx8-v5d0dfecc8661-pg/include -L/media/build/repo/m/mimalloc-lmx8-v5d0dfecc8661-pg/lib -L/media/build/repo/m/musl-lmx8-v509c4b1eea89-pg/lib -L/media/build/repo/m/libiconv-lmx8-v54475b38ecdf-pg/lib -L/media/build/repo/m/xz-lmx8-v5d491ffaa637-pg/lib -L/media/build/repo/m/netbsd-curses-lmx8-v59dd9379a515-pg/lib -L/media/build/repo/m/gettext-lmx8-v51fce172b58b-pg/lib -L/media/build/repo/m/python-lmx8-v5e7a86b6c4dc-pg/lib -static -all-static -nostdlib -fuse-ld=/usr/bin/ld.lld -lmimalloc -lmuslc -lcharset -liconv -llzma -lintl -lpython2.7 -lform -lmenu -lpanel -lcurses -lterminfo -o ./.temp.out .temp.c
% ./.temp.out
# result: yes
# defining HAVE_WCONTINUED=1 in config.h

checking for faccessat...
% /usr/bin/clang -Dwordfree=yash_wordfree -w -nostdinc -O2 -pipe -fno-builtin -I/media/build/repo/m/python-lmx8-v5e7a86b6c4dc-pg/include -I/media/build/repo/m/gettext-lmx8-v51fce172b58b-pg/include -I/media/build/repo/m/netbsd-curses-lmx8-v59dd9379a515-pg/include -I/media/build/repo/m/xz-lmx8-v5d491ffaa637-pg/include -I/media/build/repo/m/libiconv-lmx8-v54475b38ecdf-pg/include -I/media/build/repo/m/musl-lmx8-v509c4b1eea89-pg/include -I/media/build/repo/m/mimalloc-lmx8-v5d0dfecc8661-pg/include -I/media/build/repo/m/python-lmx8-v5e7a86b6c4dc-pg/include -I/media/build/repo/m/gettext-lmx8-v51fce172b58b-pg/include -I/media/build/repo/m/netbsd-curses-lmx8-v59dd9379a515-pg/include -I/media/build/repo/m/xz-lmx8-v5d491ffaa637-pg/include -I/media/build/repo/m/libiconv-lmx8-v54475b38ecdf-pg/include -I/media/build/repo/m/musl-lmx8-v509c4b1eea89-pg/include -I/media/build/repo/m/mimalloc-lmx8-v5d0dfecc8661-pg/include -L/media/build/repo/m/mimalloc-lmx8-v5d0dfecc8661-pg/lib -L/media/build/repo/m/musl-lmx8-v509c4b1eea89-pg/lib -L/media/build/repo/m/libiconv-lmx8-v54475b38ecdf-pg/lib -L/media/build/repo/m/xz-lmx8-v5d491ffaa637-pg/lib -L/media/build/repo/m/netbsd-curses-lmx8-v59dd9379a515-pg/lib -L/media/build/repo/m/gettext-lmx8-v51fce172b58b-pg/lib -L/media/build/repo/m/python-lmx8-v5e7a86b6c4dc-pg/lib -static -all-static -nostdlib -fuse-ld=/usr/bin/ld.lld -lmimalloc -lmuslc -lcharset -liconv -llzma -lintl -lpython2.7 -lform -lmenu -lpanel -lcurses -lterminfo -o ./.temp.out .temp.c
# result: yes
# defining HAVE_FACCESSAT=1 in config.h

checking for strsingal...
% /usr/bin/clang -Dwordfree=yash_wordfree -w -nostdinc -O2 -pipe -fno-builtin -I/media/build/repo/m/python-lmx8-v5e7a86b6c4dc-pg/include -I/media/build/repo/m/gettext-lmx8-v51fce172b58b-pg/include -I/media/build/repo/m/netbsd-curses-lmx8-v59dd9379a515-pg/include -I/media/build/repo/m/xz-lmx8-v5d491ffaa637-pg/include -I/media/build/repo/m/libiconv-lmx8-v54475b38ecdf-pg/include -I/media/build/repo/m/musl-lmx8-v509c4b1eea89-pg/include -I/media/build/repo/m/mimalloc-lmx8-v5d0dfecc8661-pg/include -I/media/build/repo/m/python-lmx8-v5e7a86b6c4dc-pg/include -I/media/build/repo/m/gettext-lmx8-v51fce172b58b-pg/include -I/media/build/repo/m/netbsd-curses-lmx8-v59dd9379a515-pg/include -I/media/build/repo/m/xz-lmx8-v5d491ffaa637-pg/include -I/media/build/repo/m/libiconv-lmx8-v54475b38ecdf-pg/include -I/media/build/repo/m/musl-lmx8-v509c4b1eea89-pg/include -I/media/build/repo/m/mimalloc-lmx8-v5d0dfecc8661-pg/include -L/media/build/repo/m/mimalloc-lmx8-v5d0dfecc8661-pg/lib -L/media/build/repo/m/musl-lmx8-v509c4b1eea89-pg/lib -L/media/build/repo/m/libiconv-lmx8-v54475b38ecdf-pg/lib -L/media/build/repo/m/xz-lmx8-v5d491ffaa637-pg/lib -L/media/build/repo/m/netbsd-curses-lmx8-v59dd9379a515-pg/lib -L/media/build/repo/m/gettext-lmx8-v51fce172b58b-pg/lib -L/media/build/repo/m/python-lmx8-v5e7a86b6c4dc-pg/lib -static -all-static -nostdlib -fuse-ld=/usr/bin/ld.lld -lmimalloc -lmuslc -lcharset -liconv -llzma -lintl -lpython2.7 -lform -lmenu -lpanel -lcurses -lterminfo -o ./.temp.out .temp.c
# result: yes
# defining HAVE_STRSIGNAL=1 in config.h

checking for setpwent/getpwent/endpwent...
% /usr/bin/clang -Dwordfree=yash_wordfree -w -nostdinc -O2 -pipe -fno-builtin -I/media/build/repo/m/python-lmx8-v5e7a86b6c4dc-pg/include -I/media/build/repo/m/gettext-lmx8-v51fce172b58b-pg/include -I/media/build/repo/m/netbsd-curses-lmx8-v59dd9379a515-pg/include -I/media/build/repo/m/xz-lmx8-v5d491ffaa637-pg/include -I/media/build/repo/m/libiconv-lmx8-v54475b38ecdf-pg/include -I/media/build/repo/m/musl-lmx8-v509c4b1eea89-pg/include -I/media/build/repo/m/mimalloc-lmx8-v5d0dfecc8661-pg/include -I/media/build/repo/m/python-lmx8-v5e7a86b6c4dc-pg/include -I/media/build/repo/m/gettext-lmx8-v51fce172b58b-pg/include -I/media/build/repo/m/netbsd-curses-lmx8-v59dd9379a515-pg/include -I/media/build/repo/m/xz-lmx8-v5d491ffaa637-pg/include -I/media/build/repo/m/libiconv-lmx8-v54475b38ecdf-pg/include -I/media/build/repo/m/musl-lmx8-v509c4b1eea89-pg/include -I/media/build/repo/m/mimalloc-lmx8-v5d0dfecc8661-pg/include -L/media/build/repo/m/mimalloc-lmx8-v5d0dfecc8661-pg/lib -L/media/build/repo/m/musl-lmx8-v509c4b1eea89-pg/lib -L/media/build/repo/m/libiconv-lmx8-v54475b38ecdf-pg/lib -L/media/build/repo/m/xz-lmx8-v5d491ffaa637-pg/lib -L/media/build/repo/m/netbsd-curses-lmx8-v59dd9379a515-pg/lib -L/media/build/repo/m/gettext-lmx8-v51fce172b58b-pg/lib -L/media/build/repo/m/python-lmx8-v5e7a86b6c4dc-pg/lib -static -all-static -nostdlib -fuse-ld=/usr/bin/ld.lld -lmimalloc -lmuslc -lcharset -liconv -llzma -lintl -lpython2.7 -lform -lmenu -lpanel -lcurses -lterminfo -o ./.temp.out .temp.c
# result: yes
# defining HAVE_GETPWENT=1 in config.h

checking for pw_gecos...
% /usr/bin/clang -Dwordfree=yash_wordfree -w -nostdinc -O2 -pipe -fno-builtin -I/media/build/repo/m/python-lmx8-v5e7a86b6c4dc-pg/include -I/media/build/repo/m/gettext-lmx8-v51fce172b58b-pg/include -I/media/build/repo/m/netbsd-curses-lmx8-v59dd9379a515-pg/include -I/media/build/repo/m/xz-lmx8-v5d491ffaa637-pg/include -I/media/build/repo/m/libiconv-lmx8-v54475b38ecdf-pg/include -I/media/build/repo/m/musl-lmx8-v509c4b1eea89-pg/include -I/media/build/repo/m/mimalloc-lmx8-v5d0dfecc8661-pg/include -I/media/build/repo/m/python-lmx8-v5e7a86b6c4dc-pg/include -I/media/build/repo/m/gettext-lmx8-v51fce172b58b-pg/include -I/media/build/repo/m/netbsd-curses-lmx8-v59dd9379a515-pg/include -I/media/build/repo/m/xz-lmx8-v5d491ffaa637-pg/include -I/media/build/repo/m/libiconv-lmx8-v54475b38ecdf-pg/include -I/media/build/repo/m/musl-lmx8-v509c4b1eea89-pg/include -I/media/build/repo/m/mimalloc-lmx8-v5d0dfecc8661-pg/include -c -o .temp.o .temp.c
# result: yes
# defining HAVE_PW_GECOS=1 in config.h

checking for setgrent/getgrent/endgrent...
% /usr/bin/clang -Dwordfree=yash_wordfree -w -nostdinc -O2 -pipe -fno-builtin -I/media/build/repo/m/python-lmx8-v5e7a86b6c4dc-pg/include -I/media/build/repo/m/gettext-lmx8-v51fce172b58b-pg/include -I/media/build/repo/m/netbsd-curses-lmx8-v59dd9379a515-pg/include -I/media/build/repo/m/xz-lmx8-v5d491ffaa637-pg/include -I/media/build/repo/m/libiconv-lmx8-v54475b38ecdf-pg/include -I/media/build/repo/m/musl-lmx8-v509c4b1eea89-pg/include -I/media/build/repo/m/mimalloc-lmx8-v5d0dfecc8661-pg/include -I/media/build/repo/m/python-lmx8-v5e7a86b6c4dc-pg/include -I/media/build/repo/m/gettext-lmx8-v51fce172b58b-pg/include -I/media/build/repo/m/netbsd-curses-lmx8-v59dd9379a515-pg/include -I/media/build/repo/m/xz-lmx8-v5d491ffaa637-pg/include -I/media/build/repo/m/libiconv-lmx8-v54475b38ecdf-pg/include -I/media/build/repo/m/musl-lmx8-v509c4b1eea89-pg/include -I/media/build/repo/m/mimalloc-lmx8-v5d0dfecc8661-pg/include -L/media/build/repo/m/mimalloc-lmx8-v5d0dfecc8661-pg/lib -L/media/build/repo/m/musl-lmx8-v509c4b1eea89-pg/lib -L/media/build/repo/m/libiconv-lmx8-v54475b38ecdf-pg/lib -L/media/build/repo/m/xz-lmx8-v5d491ffaa637-pg/lib -L/media/build/repo/m/netbsd-curses-lmx8-v59dd9379a515-pg/lib -L/media/build/repo/m/gettext-lmx8-v51fce172b58b-pg/lib -L/media/build/repo/m/python-lmx8-v5e7a86b6c4dc-pg/lib -static -all-static -nostdlib -fuse-ld=/usr/bin/ld.lld -lmimalloc -lmuslc -lcharset -liconv -llzma -lintl -lpython2.7 -lform -lmenu -lpanel -lcurses -lterminfo -o ./.temp.out .temp.c
# result: yes
# defining HAVE_GETGRENT=1 in config.h

checking for sethostent/gethostent/endhostent...
% /usr/bin/clang -Dwordfree=yash_wordfree -w -nostdinc -O2 -pipe -fno-builtin -I/media/build/repo/m/python-lmx8-v5e7a86b6c4dc-pg/include -I/media/build/repo/m/gettext-lmx8-v51fce172b58b-pg/include -I/media/build/repo/m/netbsd-curses-lmx8-v59dd9379a515-pg/include -I/media/build/repo/m/xz-lmx8-v5d491ffaa637-pg/include -I/media/build/repo/m/libiconv-lmx8-v54475b38ecdf-pg/include -I/media/build/repo/m/musl-lmx8-v509c4b1eea89-pg/include -I/media/build/repo/m/mimalloc-lmx8-v5d0dfecc8661-pg/include -I/media/build/repo/m/python-lmx8-v5e7a86b6c4dc-pg/include -I/media/build/repo/m/gettext-lmx8-v51fce172b58b-pg/include -I/media/build/repo/m/netbsd-curses-lmx8-v59dd9379a515-pg/include -I/media/build/repo/m/xz-lmx8-v5d491ffaa637-pg/include -I/media/build/repo/m/libiconv-lmx8-v54475b38ecdf-pg/include -I/media/build/repo/m/musl-lmx8-v509c4b1eea89-pg/include -I/media/build/repo/m/mimalloc-lmx8-v5d0dfecc8661-pg/include -L/media/build/repo/m/mimalloc-lmx8-v5d0dfecc8661-pg/lib -L/media/build/repo/m/musl-lmx8-v509c4b1eea89-pg/lib -L/media/build/repo/m/libiconv-lmx8-v54475b38ecdf-pg/lib -L/media/build/repo/m/xz-lmx8-v5d491ffaa637-pg/lib -L/media/build/repo/m/netbsd-curses-lmx8-v59dd9379a515-pg/lib -L/media/build/repo/m/gettext-lmx8-v51fce172b58b-pg/lib -L/media/build/repo/m/python-lmx8-v5e7a86b6c4dc-pg/lib -static -all-static -nostdlib -fuse-ld=/usr/bin/ld.lld -lmimalloc -lmuslc -lcharset -liconv -llzma -lintl -lpython2.7 -lform -lmenu -lpanel -lcurses -lterminfo -o ./.temp.out .temp.c
# result: yes
# defining HAVE_GETHOSTENT=1 in config.h

checking for paths.h...
% /usr/bin/clang -Dwordfree=yash_wordfree -w -nostdinc -O2 -pipe -fno-builtin -I/media/build/repo/m/python-lmx8-v5e7a86b6c4dc-pg/include -I/media/build/repo/m/gettext-lmx8-v51fce172b58b-pg/include -I/media/build/repo/m/netbsd-curses-lmx8-v59dd9379a515-pg/include -I/media/build/repo/m/xz-lmx8-v5d491ffaa637-pg/include -I/media/build/repo/m/libiconv-lmx8-v54475b38ecdf-pg/include -I/media/build/repo/m/musl-lmx8-v509c4b1eea89-pg/include -I/media/build/repo/m/mimalloc-lmx8-v5d0dfecc8661-pg/include -I/media/build/repo/m/python-lmx8-v5e7a86b6c4dc-pg/include -I/media/build/repo/m/gettext-lmx8-v51fce172b58b-pg/include -I/media/build/repo/m/netbsd-curses-lmx8-v59dd9379a515-pg/include -I/media/build/repo/m/xz-lmx8-v5d491ffaa637-pg/include -I/media/build/repo/m/libiconv-lmx8-v54475b38ecdf-pg/include -I/media/build/repo/m/musl-lmx8-v509c4b1eea89-pg/include -I/media/build/repo/m/mimalloc-lmx8-v5d0dfecc8661-pg/include -c -o .temp.o .temp.c
# result: yes
# defining HAVE_PATHS_H=1 in config.h

checking if getcwd(NULL,0) returns malloc'ed string...
% /usr/bin/clang -Dwordfree=yash_wordfree -w -nostdinc -O2 -pipe -fno-builtin -I/media/build/repo/m/python-lmx8-v5e7a86b6c4dc-pg/include -I/media/build/repo/m/gettext-lmx8-v51fce172b58b-pg/include -I/media/build/repo/m/netbsd-curses-lmx8-v59dd9379a515-pg/include -I/media/build/repo/m/xz-lmx8-v5d491ffaa637-pg/include -I/media/build/repo/m/libiconv-lmx8-v54475b38ecdf-pg/include -I/media/build/repo/m/musl-lmx8-v509c4b1eea89-pg/include -I/media/build/repo/m/mimalloc-lmx8-v5d0dfecc8661-pg/include -I/media/build/repo/m/python-lmx8-v5e7a86b6c4dc-pg/include -I/media/build/repo/m/gettext-lmx8-v51fce172b58b-pg/include -I/media/build/repo/m/netbsd-curses-lmx8-v59dd9379a515-pg/include -I/media/build/repo/m/xz-lmx8-v5d491ffaa637-pg/include -I/media/build/repo/m/libiconv-lmx8-v54475b38ecdf-pg/include -I/media/build/repo/m/musl-lmx8-v509c4b1eea89-pg/include -I/media/build/repo/m/mimalloc-lmx8-v5d0dfecc8661-pg/include -L/media/build/repo/m/mimalloc-lmx8-v5d0dfecc8661-pg/lib -L/media/build/repo/m/musl-lmx8-v509c4b1eea89-pg/lib -L/media/build/repo/m/libiconv-lmx8-v54475b38ecdf-pg/lib -L/media/build/repo/m/xz-lmx8-v5d491ffaa637-pg/lib -L/media/build/repo/m/netbsd-curses-lmx8-v59dd9379a515-pg/lib -L/media/build/repo/m/gettext-lmx8-v51fce172b58b-pg/lib -L/media/build/repo/m/python-lmx8-v5e7a86b6c4dc-pg/lib -static -all-static -nostdlib -fuse-ld=/usr/bin/ld.lld -lmimalloc -lmuslc -lcharset -liconv -llzma -lintl -lpython2.7 -lform -lmenu -lpanel -lcurses -lterminfo -o ./.temp.out .temp.c
% ./.temp.out
# result: yes
# defining GETCWD_AUTO_MALLOC=1 in config.h

checking if ioctl supports TIOCGWINSZ...
% /usr/bin/clang -Dwordfree=yash_wordfree -w -nostdinc -O2 -pipe -fno-builtin -I/media/build/repo/m/python-lmx8-v5e7a86b6c4dc-pg/include -I/media/build/repo/m/gettext-lmx8-v51fce172b58b-pg/include -I/media/build/repo/m/netbsd-curses-lmx8-v59dd9379a515-pg/include -I/media/build/repo/m/xz-lmx8-v5d491ffaa637-pg/include -I/media/build/repo/m/libiconv-lmx8-v54475b38ecdf-pg/include -I/media/build/repo/m/musl-lmx8-v509c4b1eea89-pg/include -I/media/build/repo/m/mimalloc-lmx8-v5d0dfecc8661-pg/include -I/media/build/repo/m/python-lmx8-v5e7a86b6c4dc-pg/include -I/media/build/repo/m/gettext-lmx8-v51fce172b58b-pg/include -I/media/build/repo/m/netbsd-curses-lmx8-v59dd9379a515-pg/include -I/media/build/repo/m/xz-lmx8-v5d491ffaa637-pg/include -I/media/build/repo/m/libiconv-lmx8-v54475b38ecdf-pg/include -I/media/build/repo/m/musl-lmx8-v509c4b1eea89-pg/include -I/media/build/repo/m/mimalloc-lmx8-v5d0dfecc8661-pg/include -L/media/build/repo/m/mimalloc-lmx8-v5d0dfecc8661-pg/lib -L/media/build/repo/m/musl-lmx8-v509c4b1eea89-pg/lib -L/media/build/repo/m/libiconv-lmx8-v54475b38ecdf-pg/lib -L/media/build/repo/m/xz-lmx8-v5d491ffaa637-pg/lib -L/media/build/repo/m/netbsd-curses-lmx8-v59dd9379a515-pg/lib -L/media/build/repo/m/gettext-lmx8-v51fce172b58b-pg/lib -L/media/build/repo/m/python-lmx8-v5e7a86b6c4dc-pg/lib -static -all-static -nostdlib -fuse-ld=/usr/bin/ld.lld -lmimalloc -lmuslc -lcharset -liconv -llzma -lintl -lpython2.7 -lform -lmenu -lpanel -lcurses -lterminfo -o ./.temp.out .temp.c
# result: yes
# defining HAVE_TIOCGWINSZ=1 in config.h

checking if wide-oriented I/O is fully working...
% /usr/bin/clang -Dwordfree=yash_wordfree -w -nostdinc -O2 -pipe -fno-builtin -I/media/build/repo/m/python-lmx8-v5e7a86b6c4dc-pg/include -I/media/build/repo/m/gettext-lmx8-v51fce172b58b-pg/include -I/media/build/repo/m/netbsd-curses-lmx8-v59dd9379a515-pg/include -I/media/build/repo/m/xz-lmx8-v5d491ffaa637-pg/include -I/media/build/repo/m/libiconv-lmx8-v54475b38ecdf-pg/include -I/media/build/repo/m/musl-lmx8-v509c4b1eea89-pg/include -I/media/build/repo/m/mimalloc-lmx8-v5d0dfecc8661-pg/include -I/media/build/repo/m/python-lmx8-v5e7a86b6c4dc-pg/include -I/media/build/repo/m/gettext-lmx8-v51fce172b58b-pg/include -I/media/build/repo/m/netbsd-curses-lmx8-v59dd9379a515-pg/include -I/media/build/repo/m/xz-lmx8-v5d491ffaa637-pg/include -I/media/build/repo/m/libiconv-lmx8-v54475b38ecdf-pg/include -I/media/build/repo/m/musl-lmx8-v509c4b1eea89-pg/include -I/media/build/repo/m/mimalloc-lmx8-v5d0dfecc8661-pg/include -L/media/build/repo/m/mimalloc-lmx8-v5d0dfecc8661-pg/lib -L/media/build/repo/m/musl-lmx8-v509c4b1eea89-pg/lib -L/media/build/repo/m/libiconv-lmx8-v54475b38ecdf-pg/lib -L/media/build/repo/m/xz-lmx8-v5d491ffaa637-pg/lib -L/media/build/repo/m/netbsd-curses-lmx8-v59dd9379a515-pg/lib -L/media/build/repo/m/gettext-lmx8-v51fce172b58b-pg/lib -L/media/build/repo/m/python-lmx8-v5e7a86b6c4dc-pg/lib -static -all-static -nostdlib -fuse-ld=/usr/bin/ld.lld -lmimalloc -lmuslc -lcharset -liconv -llzma -lintl -lpython2.7 -lform -lmenu -lpanel -lcurses -lterminfo -o ./.temp.out .temp.c
% ./.temp.out
# result: yes

checking if fgetws is fully working...
% /usr/bin/clang -Dwordfree=yash_wordfree -w -nostdinc -O2 -pipe -fno-builtin -I/media/build/repo/m/python-lmx8-v5e7a86b6c4dc-pg/include -I/media/build/repo/m/gettext-lmx8-v51fce172b58b-pg/include -I/media/build/repo/m/netbsd-curses-lmx8-v59dd9379a515-pg/include -I/media/build/repo/m/xz-lmx8-v5d491ffaa637-pg/include -I/media/build/repo/m/libiconv-lmx8-v54475b38ecdf-pg/include -I/media/build/repo/m/musl-lmx8-v509c4b1eea89-pg/include -I/media/build/repo/m/mimalloc-lmx8-v5d0dfecc8661-pg/include -I/media/build/repo/m/python-lmx8-v5e7a86b6c4dc-pg/include -I/media/build/repo/m/gettext-lmx8-v51fce172b58b-pg/include -I/media/build/repo/m/netbsd-curses-lmx8-v59dd9379a515-pg/include -I/media/build/repo/m/xz-lmx8-v5d491ffaa637-pg/include -I/media/build/repo/m/libiconv-lmx8-v54475b38ecdf-pg/include -I/media/build/repo/m/musl-lmx8-v509c4b1eea89-pg/include -I/media/build/repo/m/mimalloc-lmx8-v5d0dfecc8661-pg/include -L/media/build/repo/m/mimalloc-lmx8-v5d0dfecc8661-pg/lib -L/media/build/repo/m/musl-lmx8-v509c4b1eea89-pg/lib -L/media/build/repo/m/libiconv-lmx8-v54475b38ecdf-pg/lib -L/media/build/repo/m/xz-lmx8-v5d491ffaa637-pg/lib -L/media/build/repo/m/netbsd-curses-lmx8-v59dd9379a515-pg/lib -L/media/build/repo/m/gettext-lmx8-v51fce172b58b-pg/lib -L/media/build/repo/m/python-lmx8-v5e7a86b6c4dc-pg/lib -static -all-static -nostdlib -fuse-ld=/usr/bin/ld.lld -lmimalloc -lmuslc -lcharset -liconv -llzma -lintl -lpython2.7 -lform -lmenu -lpanel -lcurses -lterminfo -o ./.temp.out .temp.c
% ./.temp.out
# result: yes

# defining YASH_ENABLE_ARRAY=1 in config.h
# defining YASH_ENABLE_DOUBLE_BRACKET=1 in config.h
# defining YASH_ENABLE_DIRSTACK=1 in config.h
# defining YASH_ENABLE_HELP=1 in config.h
# defining YASH_ENABLE_HISTORY=1 in config.h
# defining YASH_ENABLE_PRINTF=1 in config.h
# defining YASH_ENABLE_TEST=1 in config.h

checking for getrlimit and setrlimit...
% /usr/bin/clang -Dwordfree=yash_wordfree -w -nostdinc -O2 -pipe -fno-builtin -I/media/build/repo/m/python-lmx8-v5e7a86b6c4dc-pg/include -I/media/build/repo/m/gettext-lmx8-v51fce172b58b-pg/include -I/media/build/repo/m/netbsd-curses-lmx8-v59dd9379a515-pg/include -I/media/build/repo/m/xz-lmx8-v5d491ffaa637-pg/include -I/media/build/repo/m/libiconv-lmx8-v54475b38ecdf-pg/include -I/media/build/repo/m/musl-lmx8-v509c4b1eea89-pg/include -I/media/build/repo/m/mimalloc-lmx8-v5d0dfecc8661-pg/include -I/media/build/repo/m/python-lmx8-v5e7a86b6c4dc-pg/include -I/media/build/repo/m/gettext-lmx8-v51fce172b58b-pg/include -I/media/build/repo/m/netbsd-curses-lmx8-v59dd9379a515-pg/include -I/media/build/repo/m/xz-lmx8-v5d491ffaa637-pg/include -I/media/build/repo/m/libiconv-lmx8-v54475b38ecdf-pg/include -I/media/build/repo/m/musl-lmx8-v509c4b1eea89-pg/include -I/media/build/repo/m/mimalloc-lmx8-v5d0dfecc8661-pg/include -L/media/build/repo/m/mimalloc-lmx8-v5d0dfecc8661-pg/lib -L/media/build/repo/m/musl-lmx8-v509c4b1eea89-pg/lib -L/media/build/repo/m/libiconv-lmx8-v54475b38ecdf-pg/lib -L/media/build/repo/m/xz-lmx8-v5d491ffaa637-pg/lib -L/media/build/repo/m/netbsd-curses-lmx8-v59dd9379a515-pg/lib -L/media/build/repo/m/gettext-lmx8-v51fce172b58b-pg/lib -L/media/build/repo/m/python-lmx8-v5e7a86b6c4dc-pg/lib -static -all-static -nostdlib -fuse-ld=/usr/bin/ld.lld -lmimalloc -lmuslc -lcharset -liconv -llzma -lintl -lpython2.7 -lform -lmenu -lpanel -lcurses -lterminfo -o ./.temp.out .temp.c
# result: yes
# defining YASH_ENABLE_ULIMIT=1 in config.h

checking for RLIM_SAVED_CUR...
% /usr/bin/clang -Dwordfree=yash_wordfree -w -nostdinc -O2 -pipe -fno-builtin -I/media/build/repo/m/python-lmx8-v5e7a86b6c4dc-pg/include -I/media/build/repo/m/gettext-lmx8-v51fce172b58b-pg/include -I/media/build/repo/m/netbsd-curses-lmx8-v59dd9379a515-pg/include -I/media/build/repo/m/xz-lmx8-v5d491ffaa637-pg/include -I/media/build/repo/m/libiconv-lmx8-v54475b38ecdf-pg/include -I/media/build/repo/m/musl-lmx8-v509c4b1eea89-pg/include -I/media/build/repo/m/mimalloc-lmx8-v5d0dfecc8661-pg/include -I/media/build/repo/m/python-lmx8-v5e7a86b6c4dc-pg/include -I/media/build/repo/m/gettext-lmx8-v51fce172b58b-pg/include -I/media/build/repo/m/netbsd-curses-lmx8-v59dd9379a515-pg/include -I/media/build/repo/m/xz-lmx8-v5d491ffaa637-pg/include -I/media/build/repo/m/libiconv-lmx8-v54475b38ecdf-pg/include -I/media/build/repo/m/musl-lmx8-v509c4b1eea89-pg/include -I/media/build/repo/m/mimalloc-lmx8-v5d0dfecc8661-pg/include -L/media/build/repo/m/mimalloc-lmx8-v5d0dfecc8661-pg/lib -L/media/build/repo/m/musl-lmx8-v509c4b1eea89-pg/lib -L/media/build/repo/m/libiconv-lmx8-v54475b38ecdf-pg/lib -L/media/build/repo/m/xz-lmx8-v5d491ffaa637-pg/lib -L/media/build/repo/m/netbsd-curses-lmx8-v59dd9379a515-pg/lib -L/media/build/repo/m/gettext-lmx8-v51fce172b58b-pg/lib -L/media/build/repo/m/python-lmx8-v5e7a86b6c4dc-pg/lib -static -all-static -nostdlib -fuse-ld=/usr/bin/ld.lld -lmimalloc -lmuslc -lcharset -liconv -llzma -lintl -lpython2.7 -lform -lmenu -lpanel -lcurses -lterminfo -o ./.temp.out .temp.c
# result: yes
# defining HAVE_RLIM_SAVED_CUR=1 in config.h

checking for RLIM_SAVED_MAX...
% /usr/bin/clang -Dwordfree=yash_wordfree -w -nostdinc -O2 -pipe -fno-builtin -I/media/build/repo/m/python-lmx8-v5e7a86b6c4dc-pg/include -I/media/build/repo/m/gettext-lmx8-v51fce172b58b-pg/include -I/media/build/repo/m/netbsd-curses-lmx8-v59dd9379a515-pg/include -I/media/build/repo/m/xz-lmx8-v5d491ffaa637-pg/include -I/media/build/repo/m/libiconv-lmx8-v54475b38ecdf-pg/include -I/media/build/repo/m/musl-lmx8-v509c4b1eea89-pg/include -I/media/build/repo/m/mimalloc-lmx8-v5d0dfecc8661-pg/include -I/media/build/repo/m/python-lmx8-v5e7a86b6c4dc-pg/include -I/media/build/repo/m/gettext-lmx8-v51fce172b58b-pg/include -I/media/build/repo/m/netbsd-curses-lmx8-v59dd9379a515-pg/include -I/media/build/repo/m/xz-lmx8-v5d491ffaa637-pg/include -I/media/build/repo/m/libiconv-lmx8-v54475b38ecdf-pg/include -I/media/build/repo/m/musl-lmx8-v509c4b1eea89-pg/include -I/media/build/repo/m/mimalloc-lmx8-v5d0dfecc8661-pg/include -L/media/build/repo/m/mimalloc-lmx8-v5d0dfecc8661-pg/lib -L/media/build/repo/m/musl-lmx8-v509c4b1eea89-pg/lib -L/media/build/repo/m/libiconv-lmx8-v54475b38ecdf-pg/lib -L/media/build/repo/m/xz-lmx8-v5d491ffaa637-pg/lib -L/media/build/repo/m/netbsd-curses-lmx8-v59dd9379a515-pg/lib -L/media/build/repo/m/gettext-lmx8-v51fce172b58b-pg/lib -L/media/build/repo/m/python-lmx8-v5e7a86b6c4dc-pg/lib -static -all-static -nostdlib -fuse-ld=/usr/bin/ld.lld -lmimalloc -lmuslc -lcharset -liconv -llzma -lintl -lpython2.7 -lform -lmenu -lpanel -lcurses -lterminfo -o ./.temp.out .temp.c
# result: yes
# defining HAVE_RLIM_SAVED_MAX=1 in config.h

checking for RLIMIT_AS...
% /usr/bin/clang -Dwordfree=yash_wordfree -w -nostdinc -O2 -pipe -fno-builtin -I/media/build/repo/m/python-lmx8-v5e7a86b6c4dc-pg/include -I/media/build/repo/m/gettext-lmx8-v51fce172b58b-pg/include -I/media/build/repo/m/netbsd-curses-lmx8-v59dd9379a515-pg/include -I/media/build/repo/m/xz-lmx8-v5d491ffaa637-pg/include -I/media/build/repo/m/libiconv-lmx8-v54475b38ecdf-pg/include -I/media/build/repo/m/musl-lmx8-v509c4b1eea89-pg/include -I/media/build/repo/m/mimalloc-lmx8-v5d0dfecc8661-pg/include -I/media/build/repo/m/python-lmx8-v5e7a86b6c4dc-pg/include -I/media/build/repo/m/gettext-lmx8-v51fce172b58b-pg/include -I/media/build/repo/m/netbsd-curses-lmx8-v59dd9379a515-pg/include -I/media/build/repo/m/xz-lmx8-v5d491ffaa637-pg/include -I/media/build/repo/m/libiconv-lmx8-v54475b38ecdf-pg/include -I/media/build/repo/m/musl-lmx8-v509c4b1eea89-pg/include -I/media/build/repo/m/mimalloc-lmx8-v5d0dfecc8661-pg/include -L/media/build/repo/m/mimalloc-lmx8-v5d0dfecc8661-pg/lib -L/media/build/repo/m/musl-lmx8-v509c4b1eea89-pg/lib -L/media/build/repo/m/libiconv-lmx8-v54475b38ecdf-pg/lib -L/media/build/repo/m/xz-lmx8-v5d491ffaa637-pg/lib -L/media/build/repo/m/netbsd-curses-lmx8-v59dd9379a515-pg/lib -L/media/build/repo/m/gettext-lmx8-v51fce172b58b-pg/lib -L/media/build/repo/m/python-lmx8-v5e7a86b6c4dc-pg/lib -static -all-static -nostdlib -fuse-ld=/usr/bin/ld.lld -lmimalloc -lmuslc -lcharset -liconv -llzma -lintl -lpython2.7 -lform -lmenu -lpanel -lcurses -lterminfo -o ./.temp.out .temp.c
% ./.temp.out
# result: yes
# defining HAVE_RLIMIT_AS=1 in config.h

checking for RLIMIT_LOCKS...
% /usr/bin/clang -Dwordfree=yash_wordfree -w -nostdinc -O2 -pipe -fno-builtin -I/media/build/repo/m/python-lmx8-v5e7a86b6c4dc-pg/include -I/media/build/repo/m/gettext-lmx8-v51fce172b58b-pg/include -I/media/build/repo/m/netbsd-curses-lmx8-v59dd9379a515-pg/include -I/media/build/repo/m/xz-lmx8-v5d491ffaa637-pg/include -I/media/build/repo/m/libiconv-lmx8-v54475b38ecdf-pg/include -I/media/build/repo/m/musl-lmx8-v509c4b1eea89-pg/include -I/media/build/repo/m/mimalloc-lmx8-v5d0dfecc8661-pg/include -I/media/build/repo/m/python-lmx8-v5e7a86b6c4dc-pg/include -I/media/build/repo/m/gettext-lmx8-v51fce172b58b-pg/include -I/media/build/repo/m/netbsd-curses-lmx8-v59dd9379a515-pg/include -I/media/build/repo/m/xz-lmx8-v5d491ffaa637-pg/include -I/media/build/repo/m/libiconv-lmx8-v54475b38ecdf-pg/include -I/media/build/repo/m/musl-lmx8-v509c4b1eea89-pg/include -I/media/build/repo/m/mimalloc-lmx8-v5d0dfecc8661-pg/include -L/media/build/repo/m/mimalloc-lmx8-v5d0dfecc8661-pg/lib -L/media/build/repo/m/musl-lmx8-v509c4b1eea89-pg/lib -L/media/build/repo/m/libiconv-lmx8-v54475b38ecdf-pg/lib -L/media/build/repo/m/xz-lmx8-v5d491ffaa637-pg/lib -L/media/build/repo/m/netbsd-curses-lmx8-v59dd9379a515-pg/lib -L/media/build/repo/m/gettext-lmx8-v51fce172b58b-pg/lib -L/media/build/repo/m/python-lmx8-v5e7a86b6c4dc-pg/lib -static -all-static -nostdlib -fuse-ld=/usr/bin/ld.lld -lmimalloc -lmuslc -lcharset -liconv -llzma -lintl -lpython2.7 -lform -lmenu -lpanel -lcurses -lterminfo -o ./.temp.out .temp.c
% ./.temp.out
# result: yes
# defining HAVE_RLIMIT_LOCKS=1 in config.h

checking for RLIMIT_MEMLOCK...
% /usr/bin/clang -Dwordfree=yash_wordfree -w -nostdinc -O2 -pipe -fno-builtin -I/media/build/repo/m/python-lmx8-v5e7a86b6c4dc-pg/include -I/media/build/repo/m/gettext-lmx8-v51fce172b58b-pg/include -I/media/build/repo/m/netbsd-curses-lmx8-v59dd9379a515-pg/include -I/media/build/repo/m/xz-lmx8-v5d491ffaa637-pg/include -I/media/build/repo/m/libiconv-lmx8-v54475b38ecdf-pg/include -I/media/build/repo/m/musl-lmx8-v509c4b1eea89-pg/include -I/media/build/repo/m/mimalloc-lmx8-v5d0dfecc8661-pg/include -I/media/build/repo/m/python-lmx8-v5e7a86b6c4dc-pg/include -I/media/build/repo/m/gettext-lmx8-v51fce172b58b-pg/include -I/media/build/repo/m/netbsd-curses-lmx8-v59dd9379a515-pg/include -I/media/build/repo/m/xz-lmx8-v5d491ffaa637-pg/include -I/media/build/repo/m/libiconv-lmx8-v54475b38ecdf-pg/include -I/media/build/repo/m/musl-lmx8-v509c4b1eea89-pg/include -I/media/build/repo/m/mimalloc-lmx8-v5d0dfecc8661-pg/include -L/media/build/repo/m/mimalloc-lmx8-v5d0dfecc8661-pg/lib -L/media/build/repo/m/musl-lmx8-v509c4b1eea89-pg/lib -L/media/build/repo/m/libiconv-lmx8-v54475b38ecdf-pg/lib -L/media/build/repo/m/xz-lmx8-v5d491ffaa637-pg/lib -L/media/build/repo/m/netbsd-curses-lmx8-v59dd9379a515-pg/lib -L/media/build/repo/m/gettext-lmx8-v51fce172b58b-pg/lib -L/media/build/repo/m/python-lmx8-v5e7a86b6c4dc-pg/lib -static -all-static -nostdlib -fuse-ld=/usr/bin/ld.lld -lmimalloc -lmuslc -lcharset -liconv -llzma -lintl -lpython2.7 -lform -lmenu -lpanel -lcurses -lterminfo -o ./.temp.out .temp.c
% ./.temp.out
# result: yes
# defining HAVE_RLIMIT_MEMLOCK=1 in config.h

checking for RLIMIT_MSGQUEUE...
% /usr/bin/clang -Dwordfree=yash_wordfree -w -nostdinc -O2 -pipe -fno-builtin -I/media/build/repo/m/python-lmx8-v5e7a86b6c4dc-pg/include -I/media/build/repo/m/gettext-lmx8-v51fce172b58b-pg/include -I/media/build/repo/m/netbsd-curses-lmx8-v59dd9379a515-pg/include -I/media/build/repo/m/xz-lmx8-v5d491ffaa637-pg/include -I/media/build/repo/m/libiconv-lmx8-v54475b38ecdf-pg/include -I/media/build/repo/m/musl-lmx8-v509c4b1eea89-pg/include -I/media/build/repo/m/mimalloc-lmx8-v5d0dfecc8661-pg/include -I/media/build/repo/m/python-lmx8-v5e7a86b6c4dc-pg/include -I/media/build/repo/m/gettext-lmx8-v51fce172b58b-pg/include -I/media/build/repo/m/netbsd-curses-lmx8-v59dd9379a515-pg/include -I/media/build/repo/m/xz-lmx8-v5d491ffaa637-pg/include -I/media/build/repo/m/libiconv-lmx8-v54475b38ecdf-pg/include -I/media/build/repo/m/musl-lmx8-v509c4b1eea89-pg/include -I/media/build/repo/m/mimalloc-lmx8-v5d0dfecc8661-pg/include -L/media/build/repo/m/mimalloc-lmx8-v5d0dfecc8661-pg/lib -L/media/build/repo/m/musl-lmx8-v509c4b1eea89-pg/lib -L/media/build/repo/m/libiconv-lmx8-v54475b38ecdf-pg/lib -L/media/build/repo/m/xz-lmx8-v5d491ffaa637-pg/lib -L/media/build/repo/m/netbsd-curses-lmx8-v59dd9379a515-pg/lib -L/media/build/repo/m/gettext-lmx8-v51fce172b58b-pg/lib -L/media/build/repo/m/python-lmx8-v5e7a86b6c4dc-pg/lib -static -all-static -nostdlib -fuse-ld=/usr/bin/ld.lld -lmimalloc -lmuslc -lcharset -liconv -llzma -lintl -lpython2.7 -lform -lmenu -lpanel -lcurses -lterminfo -o ./.temp.out .temp.c
% ./.temp.out
# result: yes
# defining HAVE_RLIMIT_MSGQUEUE=1 in config.h

checking for RLIMIT_NICE...
% /usr/bin/clang -Dwordfree=yash_wordfree -w -nostdinc -O2 -pipe -fno-builtin -I/media/build/repo/m/python-lmx8-v5e7a86b6c4dc-pg/include -I/media/build/repo/m/gettext-lmx8-v51fce172b58b-pg/include -I/media/build/repo/m/netbsd-curses-lmx8-v59dd9379a515-pg/include -I/media/build/repo/m/xz-lmx8-v5d491ffaa637-pg/include -I/media/build/repo/m/libiconv-lmx8-v54475b38ecdf-pg/include -I/media/build/repo/m/musl-lmx8-v509c4b1eea89-pg/include -I/media/build/repo/m/mimalloc-lmx8-v5d0dfecc8661-pg/include -I/media/build/repo/m/python-lmx8-v5e7a86b6c4dc-pg/include -I/media/build/repo/m/gettext-lmx8-v51fce172b58b-pg/include -I/media/build/repo/m/netbsd-curses-lmx8-v59dd9379a515-pg/include -I/media/build/repo/m/xz-lmx8-v5d491ffaa637-pg/include -I/media/build/repo/m/libiconv-lmx8-v54475b38ecdf-pg/include -I/media/build/repo/m/musl-lmx8-v509c4b1eea89-pg/include -I/media/build/repo/m/mimalloc-lmx8-v5d0dfecc8661-pg/include -L/media/build/repo/m/mimalloc-lmx8-v5d0dfecc8661-pg/lib -L/media/build/repo/m/musl-lmx8-v509c4b1eea89-pg/lib -L/media/build/repo/m/libiconv-lmx8-v54475b38ecdf-pg/lib -L/media/build/repo/m/xz-lmx8-v5d491ffaa637-pg/lib -L/media/build/repo/m/netbsd-curses-lmx8-v59dd9379a515-pg/lib -L/media/build/repo/m/gettext-lmx8-v51fce172b58b-pg/lib -L/media/build/repo/m/python-lmx8-v5e7a86b6c4dc-pg/lib -static -all-static -nostdlib -fuse-ld=/usr/bin/ld.lld -lmimalloc -lmuslc -lcharset -liconv -llzma -lintl -lpython2.7 -lform -lmenu -lpanel -lcurses -lterminfo -o ./.temp.out .temp.c
% ./.temp.out
# result: yes
# defining HAVE_RLIMIT_NICE=1 in config.h

checking for RLIMIT_NPROC...
% /usr/bin/clang -Dwordfree=yash_wordfree -w -nostdinc -O2 -pipe -fno-builtin -I/media/build/repo/m/python-lmx8-v5e7a86b6c4dc-pg/include -I/media/build/repo/m/gettext-lmx8-v51fce172b58b-pg/include -I/media/build/repo/m/netbsd-curses-lmx8-v59dd9379a515-pg/include -I/media/build/repo/m/xz-lmx8-v5d491ffaa637-pg/include -I/media/build/repo/m/libiconv-lmx8-v54475b38ecdf-pg/include -I/media/build/repo/m/musl-lmx8-v509c4b1eea89-pg/include -I/media/build/repo/m/mimalloc-lmx8-v5d0dfecc8661-pg/include -I/media/build/repo/m/python-lmx8-v5e7a86b6c4dc-pg/include -I/media/build/repo/m/gettext-lmx8-v51fce172b58b-pg/include -I/media/build/repo/m/netbsd-curses-lmx8-v59dd9379a515-pg/include -I/media/build/repo/m/xz-lmx8-v5d491ffaa637-pg/include -I/media/build/repo/m/libiconv-lmx8-v54475b38ecdf-pg/include -I/media/build/repo/m/musl-lmx8-v509c4b1eea89-pg/include -I/media/build/repo/m/mimalloc-lmx8-v5d0dfecc8661-pg/include -L/media/build/repo/m/mimalloc-lmx8-v5d0dfecc8661-pg/lib -L/media/build/repo/m/musl-lmx8-v509c4b1eea89-pg/lib -L/media/build/repo/m/libiconv-lmx8-v54475b38ecdf-pg/lib -L/media/build/repo/m/xz-lmx8-v5d491ffaa637-pg/lib -L/media/build/repo/m/netbsd-curses-lmx8-v59dd9379a515-pg/lib -L/media/build/repo/m/gettext-lmx8-v51fce172b58b-pg/lib -L/media/build/repo/m/python-lmx8-v5e7a86b6c4dc-pg/lib -static -all-static -nostdlib -fuse-ld=/usr/bin/ld.lld -lmimalloc -lmuslc -lcharset -liconv -llzma -lintl -lpython2.7 -lform -lmenu -lpanel -lcurses -lterminfo -o ./.temp.out .temp.c
% ./.temp.out
# result: yes
# defining HAVE_RLIMIT_NPROC=1 in config.h

checking for RLIMIT_RSS...
% /usr/bin/clang -Dwordfree=yash_wordfree -w -nostdinc -O2 -pipe -fno-builtin -I/media/build/repo/m/python-lmx8-v5e7a86b6c4dc-pg/include -I/media/build/repo/m/gettext-lmx8-v51fce172b58b-pg/include -I/media/build/repo/m/netbsd-curses-lmx8-v59dd9379a515-pg/include -I/media/build/repo/m/xz-lmx8-v5d491ffaa637-pg/include -I/media/build/repo/m/libiconv-lmx8-v54475b38ecdf-pg/include -I/media/build/repo/m/musl-lmx8-v509c4b1eea89-pg/include -I/media/build/repo/m/mimalloc-lmx8-v5d0dfecc8661-pg/include -I/media/build/repo/m/python-lmx8-v5e7a86b6c4dc-pg/include -I/media/build/repo/m/gettext-lmx8-v51fce172b58b-pg/include -I/media/build/repo/m/netbsd-curses-lmx8-v59dd9379a515-pg/include -I/media/build/repo/m/xz-lmx8-v5d491ffaa637-pg/include -I/media/build/repo/m/libiconv-lmx8-v54475b38ecdf-pg/include -I/media/build/repo/m/musl-lmx8-v509c4b1eea89-pg/include -I/media/build/repo/m/mimalloc-lmx8-v5d0dfecc8661-pg/include -L/media/build/repo/m/mimalloc-lmx8-v5d0dfecc8661-pg/lib -L/media/build/repo/m/musl-lmx8-v509c4b1eea89-pg/lib -L/media/build/repo/m/libiconv-lmx8-v54475b38ecdf-pg/lib -L/media/build/repo/m/xz-lmx8-v5d491ffaa637-pg/lib -L/media/build/repo/m/netbsd-curses-lmx8-v59dd9379a515-pg/lib -L/media/build/repo/m/gettext-lmx8-v51fce172b58b-pg/lib -L/media/build/repo/m/python-lmx8-v5e7a86b6c4dc-pg/lib -static -all-static -nostdlib -fuse-ld=/usr/bin/ld.lld -lmimalloc -lmuslc -lcharset -liconv -llzma -lintl -lpython2.7 -lform -lmenu -lpanel -lcurses -lterminfo -o ./.temp.out .temp.c
% ./.temp.out
# result: yes
# defining HAVE_RLIMIT_RSS=1 in config.h

checking for RLIMIT_RTPRIO...
% /usr/bin/clang -Dwordfree=yash_wordfree -w -nostdinc -O2 -pipe -fno-builtin -I/media/build/repo/m/python-lmx8-v5e7a86b6c4dc-pg/include -I/media/build/repo/m/gettext-lmx8-v51fce172b58b-pg/include -I/media/build/repo/m/netbsd-curses-lmx8-v59dd9379a515-pg/include -I/media/build/repo/m/xz-lmx8-v5d491ffaa637-pg/include -I/media/build/repo/m/libiconv-lmx8-v54475b38ecdf-pg/include -I/media/build/repo/m/musl-lmx8-v509c4b1eea89-pg/include -I/media/build/repo/m/mimalloc-lmx8-v5d0dfecc8661-pg/include -I/media/build/repo/m/python-lmx8-v5e7a86b6c4dc-pg/include -I/media/build/repo/m/gettext-lmx8-v51fce172b58b-pg/include -I/media/build/repo/m/netbsd-curses-lmx8-v59dd9379a515-pg/include -I/media/build/repo/m/xz-lmx8-v5d491ffaa637-pg/include -I/media/build/repo/m/libiconv-lmx8-v54475b38ecdf-pg/include -I/media/build/repo/m/musl-lmx8-v509c4b1eea89-pg/include -I/media/build/repo/m/mimalloc-lmx8-v5d0dfecc8661-pg/include -L/media/build/repo/m/mimalloc-lmx8-v5d0dfecc8661-pg/lib -L/media/build/repo/m/musl-lmx8-v509c4b1eea89-pg/lib -L/media/build/repo/m/libiconv-lmx8-v54475b38ecdf-pg/lib -L/media/build/repo/m/xz-lmx8-v5d491ffaa637-pg/lib -L/media/build/repo/m/netbsd-curses-lmx8-v59dd9379a515-pg/lib -L/media/build/repo/m/gettext-lmx8-v51fce172b58b-pg/lib -L/media/build/repo/m/python-lmx8-v5e7a86b6c4dc-pg/lib -static -all-static -nostdlib -fuse-ld=/usr/bin/ld.lld -lmimalloc -lmuslc -lcharset -liconv -llzma -lintl -lpython2.7 -lform -lmenu -lpanel -lcurses -lterminfo -o ./.temp.out .temp.c
% ./.temp.out
# result: yes
# defining HAVE_RLIMIT_RTPRIO=1 in config.h

checking for RLIMIT_SIGPENDING...
% /usr/bin/clang -Dwordfree=yash_wordfree -w -nostdinc -O2 -pipe -fno-builtin -I/media/build/repo/m/python-lmx8-v5e7a86b6c4dc-pg/include -I/media/build/repo/m/gettext-lmx8-v51fce172b58b-pg/include -I/media/build/repo/m/netbsd-curses-lmx8-v59dd9379a515-pg/include -I/media/build/repo/m/xz-lmx8-v5d491ffaa637-pg/include -I/media/build/repo/m/libiconv-lmx8-v54475b38ecdf-pg/include -I/media/build/repo/m/musl-lmx8-v509c4b1eea89-pg/include -I/media/build/repo/m/mimalloc-lmx8-v5d0dfecc8661-pg/include -I/media/build/repo/m/python-lmx8-v5e7a86b6c4dc-pg/include -I/media/build/repo/m/gettext-lmx8-v51fce172b58b-pg/include -I/media/build/repo/m/netbsd-curses-lmx8-v59dd9379a515-pg/include -I/media/build/repo/m/xz-lmx8-v5d491ffaa637-pg/include -I/media/build/repo/m/libiconv-lmx8-v54475b38ecdf-pg/include -I/media/build/repo/m/musl-lmx8-v509c4b1eea89-pg/include -I/media/build/repo/m/mimalloc-lmx8-v5d0dfecc8661-pg/include -L/media/build/repo/m/mimalloc-lmx8-v5d0dfecc8661-pg/lib -L/media/build/repo/m/musl-lmx8-v509c4b1eea89-pg/lib -L/media/build/repo/m/libiconv-lmx8-v54475b38ecdf-pg/lib -L/media/build/repo/m/xz-lmx8-v5d491ffaa637-pg/lib -L/media/build/repo/m/netbsd-curses-lmx8-v59dd9379a515-pg/lib -L/media/build/repo/m/gettext-lmx8-v51fce172b58b-pg/lib -L/media/build/repo/m/python-lmx8-v5e7a86b6c4dc-pg/lib -static -all-static -nostdlib -fuse-ld=/usr/bin/ld.lld -lmimalloc -lmuslc -lcharset -liconv -llzma -lintl -lpython2.7 -lform -lmenu -lpanel -lcurses -lterminfo -o ./.temp.out .temp.c
% ./.temp.out
# result: yes
# defining HAVE_RLIMIT_SIGPENDING=1 in config.h

checking if ctags accepts --recurse option...
% ctags --recurse -f ./.temp.txt .temp.c
./configure: 264: ./configure: ctags: not found
# exit status: 127
# result: no

checking if etags accepts --recurse option...
% etags --recurse -o ./.temp.txt .temp.c
etags: unrecognized option '--recurse'
	Try 'etags --help' for a complete list of options.
# exit status: 1
# result: no


===== Output variables =====

s!@MAKE_INCLUDE@!include!g
s!@MAKE_SHELL@!# SHELL = sh!g
s!@CC@!/usr/bin/clang!g
s!@CFLAGS@!-Dwordfree=yash_wordfree -w -nostdinc -O2 -pipe -fno-builtin -I/media/build/repo/m/python-lmx8-v5e7a86b6c4dc-pg/include -I/media/build/repo/m/gettext-lmx8-v51fce172b58b-pg/include -I/media/build/repo/m/netbsd-curses-lmx8-v59dd9379a515-pg/include -I/media/build/repo/m/xz-lmx8-v5d491ffaa637-pg/include -I/media/build/repo/m/libiconv-lmx8-v54475b38ecdf-pg/include -I/media/build/repo/m/musl-lmx8-v509c4b1eea89-pg/include -I/media/build/repo/m/mimalloc-lmx8-v5d0dfecc8661-pg/include !g
s!@CPPFLAGS@!-I/media/build/repo/m/python-lmx8-v5e7a86b6c4dc-pg/include -I/media/build/repo/m/gettext-lmx8-v51fce172b58b-pg/include -I/media/build/repo/m/netbsd-curses-lmx8-v59dd9379a515-pg/include -I/media/build/repo/m/xz-lmx8-v5d491ffaa637-pg/include -I/media/build/repo/m/libiconv-lmx8-v54475b38ecdf-pg/include -I/media/build/repo/m/musl-lmx8-v509c4b1eea89-pg/include -I/media/build/repo/m/mimalloc-lmx8-v5d0dfecc8661-pg/include !g
s!@LDFLAGS@!-L/media/build/repo/m/mimalloc-lmx8-v5d0dfecc8661-pg/lib -L/media/build/repo/m/musl-lmx8-v509c4b1eea89-pg/lib -L/media/build/repo/m/libiconv-lmx8-v54475b38ecdf-pg/lib -L/media/build/repo/m/xz-lmx8-v5d491ffaa637-pg/lib -L/media/build/repo/m/netbsd-curses-lmx8-v59dd9379a515-pg/lib -L/media/build/repo/m/gettext-lmx8-v51fce172b58b-pg/lib -L/media/build/repo/m/python-lmx8-v5e7a86b6c4dc-pg/lib -static -all-static -nostdlib -fuse-ld=/usr/bin/ld.lld  -lmimalloc -lmuslc -lcharset -liconv -llzma -lintl -lpython2.7 -lform -lmenu -lpanel -lcurses -lterminfo !g
s!@LDLIBS@!!g
s!@AR@!/usr/bin/llvm-ar!g
s!@ARFLAGS@!-rc!g
s!@ARCHIVER@!tar cf!g
s!@XGETTEXT@!xgettext!g
s!@XGETTEXTFLAGS@!-kgt -kNgt -kngt:1,2 --flag=sb_vprintf:1:c-format --flag=sb_printf:1:c-format --flag=malloc_vprintf:1:c-format --flag=malloc_printf:1:c-format --flag=xerror:1:c-format --flag=serror:1:c-format --flag=le_compdebug:1:c-format!g
s!@MSGINIT@!msginit!g
s!@MSGFMT@!msgfmt!g
s!@MSGFMTFLAGS@!-c!g
s!@MSGMERGE@!msgmerge!g
s!@MSGMERGEFLAGS@!!g
s!@MSGCONV@!msgconv!g
s!@MSGFILTER@!msgfilter!g
s!@ASCIIDOC@!asciidoc!g
s!@ASCIIDOCFLAGS@!!g
s!@ASCIIDOCATTRS@!-a docdate="`date +%Y-%m-%d`" -a yashversion="$(VERSION)" -a linkcss -a disable-javascript!g
s!@A2X@!a2x!g
s!@A2XFLAGS@!!g
s!@CATALOGS@!$(MOFILES)!g
s!@CTAGS@!ctags!g
s!@CTAGSARGS@!*.[ch]!g
s!@ETAGS@!etags!g
s!@ETAGSARGS@!*.[ch]!g
s!@CSCOPE@!cscope!g
s!@CSCOPEARGS@!-bR!g
s!@DIRS@!. builtins doc doc/ja lineedit po tests!g
s!@OBJS@!$(MAIN_OBJS) $(HISTORY_OBJS) $(BUILTINS_ARCHIVE) $(LINEEDIT_ARCHIVE)!g
s!@BUILTIN_OBJS@! $(PRINTF_OBJS) $(TEST_OBJS) $(ULIMIT_OBJS)!g
s!@TARGET@!yash!g
s!@VERSION@!2.49!g
s!@COPYRIGHT@!Copyright (C) 2007-2019 magicant!g
s!@INSTALL@!install!g
s!@INSTALL_PROGRAM@!$(INSTALL) -c!g
s!@INSTALL_DATA@!$(INSTALL) -c -m 644!g
s!@INSTALL_DIR@!$(INSTALL) -d!g
s!@prefix@!/pkg/yash-lmx8-v5fc4af980df8-pg!g
s!@exec_prefix@!$(prefix)!g
s!@bindir@!$(exec_prefix)/bin!g
s!@datarootdir@!$(prefix)/share!g
s!@datadir@!$(datarootdir)!g
s!@localedir@!$(datarootdir)/locale!g
s!@mandir@!$(datarootdir)/man!g
s!@docdir@!$(datarootdir)/doc/yash!g
s!@htmldir@!$(docdir)!g
s!@default_loadpath@!$(yashdatadir)!g
s!@enable_nls@!true!g

Touched alias.d
Touched arith.d
Touched builtin.d
Touched exec.d
Touched expand.d
Touched hashtable.d
Touched history.d
Touched input.d
Touched job.d
Touched mail.d
Touched makesignum.d
Touched option.d
Touched parser.d
Touched path.d
Touched plist.d
Touched redir.d
Touched sig.d
Touched strbuf.d
Touched util.d
Touched variable.d
Touched xfnmatch.d
Touched xgetopt.d
Touched yash.d
Touched builtins/printf.d
Touched builtins/test.d
Touched builtins/ulimit.d
Touched lineedit/complete.d
Touched lineedit/compparse.d
Touched lineedit/display.d
Touched lineedit/editing.d
Touched lineedit/keymap.d
Touched lineedit/lineedit.d
Touched lineedit/terminfo.d
Touched lineedit/trie.d
Touched lineedit/trietest.d
Touched lineedit/trietestw.d
Touched tests/checkfg.d
Touched tests/ptwrap.d
Touched tests/resetsig.d
Created config.status
% sh config.status
